./ml.oar: line 11: mlvenv/bin/activate: No such file or directory
Loading data...
Fitting model...
Fitting 10 folds for each of 48 candidates, totalling 480 fits
[Parallel(n_jobs=-1)]: Using backend LokyBackend with 20 concurrent workers.
[CV] algorithm=ball_tree, leaf_size=10, n_neighbors=5, weights=distance
[CV]  algorithm=ball_tree, leaf_size=10, n_neighbors=5, weights=distance, score=0.901, total= 4.5min
[CV] algorithm=ball_tree, leaf_size=10, n_neighbors=10, weights=distance
[CV]  algorithm=ball_tree, leaf_size=10, n_neighbors=10, weights=distance, score=0.896, total= 4.8min
[CV] algorithm=ball_tree, leaf_size=20, n_neighbors=5, weights=distance
[CV]  algorithm=ball_tree, leaf_size=20, n_neighbors=5, weights=distance, score=0.894, total= 4.5min
[CV] algorithm=ball_tree, leaf_size=20, n_neighbors=10, weights=distance
[CV]  algorithm=ball_tree, leaf_size=20, n_neighbors=10, weights=distance, score=0.896, total= 4.5min
[CV] algorithm=ball_tree, leaf_size=50, n_neighbors=5, weights=distance
[CV]  algorithm=ball_tree, leaf_size=50, n_neighbors=5, weights=distance, score=0.894, total= 4.3min
[CV] algorithm=ball_tree, leaf_size=50, n_neighbors=10, weights=distance
[CV]  algorithm=ball_tree, leaf_size=50, n_neighbors=10, weights=distance, score=0.905, total= 4.3min
[CV] algorithm=ball_tree, leaf_size=60, n_neighbors=5, weights=distance
[CV]  algorithm=ball_tree, leaf_size=60, n_neighbors=5, weights=distance, score=0.902, total= 4.3min
[CV] algorithm=ball_tree, leaf_size=60, n_neighbors=10, weights=distance
[CV]  algorithm=ball_tree, leaf_size=60, n_neighbors=10, weights=distance, score=0.905, total= 4.3min
[CV] algorithm=ball_tree, leaf_size=70, n_neighbors=5, weights=distance
[CV]  algorithm=ball_tree, leaf_size=70, n_neighbors=5, weights=distance, score=0.892, total= 4.3min
[CV] algorithm=ball_tree, leaf_size=70, n_neighbors=10, weights=distance
[CV]  algorithm=ball_tree, leaf_size=70, n_neighbors=10, weights=distance, score=0.886, total= 4.4min
[CV] algorithm=ball_tree, leaf_size=80, n_neighbors=5, weights=distance
[CV]  algorithm=ball_tree, leaf_size=80, n_neighbors=5, weights=distance, score=0.896, total= 4.3min
[CV] algorithm=ball_tree, leaf_size=80, n_neighbors=10, weights=distance
[CV]  algorithm=ball_tree, leaf_size=80, n_neighbors=10, weights=distance, score=0.887, total= 4.3min
[CV] algorithm=kd_tree, leaf_size=10, n_neighbors=5, weights=distance
[CV]  algorithm=kd_tree, leaf_size=10, n_neighbors=5, weights=distance, score=0.896, total= 8.7min
[CV] algorithm=kd_tree, leaf_size=10, n_neighbors=50, weights=distance
[CV]  algorithm=kd_tree, leaf_size=10, n_neighbors=50, weights=distance, score=0.868, total= 9.5min
[CV] algorithm=kd_tree, leaf_size=20, n_neighbors=2, weights=distance
[CV]  algorithm=kd_tree, leaf_size=20, n_neighbors=2, weights=distance, score=0.907, total= 5.2min
[CV] algorithm=kd_tree, leaf_size=20, n_neighbors=50, weights=distance
[CV]  algorithm=kd_tree, leaf_size=20, n_neighbors=50, weights=distance, score=0.867, total= 6.4min
[CV] algorithm=kd_tree, leaf_size=50, n_neighbors=2, weights=distance
[CV]  algorithm=kd_tree, leaf_size=50, n_neighbors=2, weights=distance, score=0.901, total= 3.7min
[CV] algorithm=kd_tree, leaf_size=50, n_neighbors=10, weights=distance
[CV]  algorithm=kd_tree, leaf_size=50, n_neighbors=10, weights=distance, score=0.900, total= 4.3min
[CV] algorithm=kd_tree, leaf_size=60, n_neighbors=5, weights=distance
[CV]  algorithm=kd_tree, leaf_size=60, n_neighbors=5, weights=distance, score=0.896, total= 4.1min
[CV] algorithm=kd_tree, leaf_size=60, n_neighbors=10, weights=distance
[CV]  algorithm=kd_tree, leaf_size=60, n_neighbors=10, weights=distance, score=0.897, total= 4.3min
[CV] algorithm=kd_tree, leaf_size=70, n_neighbors=5, weights=distance
[CV]  algorithm=kd_tree, leaf_size=70, n_neighbors=5, weights=distance, score=0.896, total= 4.1min
[CV] algorithm=kd_tree, leaf_size=70, n_neighbors=50, weights=distance
[CV]  algorithm=kd_tree, leaf_size=70, n_neighbors=50, weights=distance, score=0.868, total= 4.5min
[CV] algorithm=kd_tree, leaf_size=80, n_neighbors=2, weights=distance
[CV]  algorithm=kd_tree, leaf_size=80, n_neighbors=2, weights=distance, score=0.901, total= 3.7min
[CV] algorithm=kd_tree, leaf_size=80, n_neighbors=10, weights=distance
[CV]  algorithm=kd_tree, leaf_size=80, n_neighbors=10, weights=distance, score=0.897, total= 4.3min
[CV] algorithm=ball_tree, leaf_size=10, n_neighbors=2, weights=distance
[CV]  algorithm=ball_tree, leaf_size=10, n_neighbors=2, weights=distance, score=0.906, total= 4.9min
[CV] algorithm=ball_tree, leaf_size=10, n_neighbors=50, weights=distance
[CV]  algorithm=ball_tree, leaf_size=10, n_neighbors=50, weights=distance, score=0.864, total= 4.8min
[CV] algorithm=ball_tree, leaf_size=20, n_neighbors=2, weights=distance
[CV]  algorithm=ball_tree, leaf_size=20, n_neighbors=2, weights=distance, score=0.903, total= 4.3min
[CV] algorithm=ball_tree, leaf_size=20, n_neighbors=10, weights=distance
[CV]  algorithm=ball_tree, leaf_size=20, n_neighbors=10, weights=distance, score=0.899, total= 4.5min
[CV] algorithm=ball_tree, leaf_size=50, n_neighbors=5, weights=distance
[CV]  algorithm=ball_tree, leaf_size=50, n_neighbors=5, weights=distance, score=0.902, total= 4.3min
[CV] algorithm=ball_tree, leaf_size=50, n_neighbors=50, weights=distance
[CV]  algorithm=ball_tree, leaf_size=50, n_neighbors=50, weights=distance, score=0.864, total= 4.4min
[CV] algorithm=ball_tree, leaf_size=60, n_neighbors=2, weights=distance
[CV]  algorithm=ball_tree, leaf_size=60, n_neighbors=2, weights=distance, score=0.903, total= 4.3min
[CV] algorithm=ball_tree, leaf_size=60, n_neighbors=10, weights=distance
[CV]  algorithm=ball_tree, leaf_size=60, n_neighbors=10, weights=distance, score=0.899, total= 4.4min
[CV] algorithm=ball_tree, leaf_size=70, n_neighbors=5, weights=distance
[CV]  algorithm=ball_tree, leaf_size=70, n_neighbors=5, weights=distance, score=0.902, total= 4.3min
[CV] algorithm=ball_tree, leaf_size=70, n_neighbors=50, weights=distance
[CV]  algorithm=ball_tree, leaf_size=70, n_neighbors=50, weights=distance, score=0.860, total= 4.4min
[CV] algorithm=ball_tree, leaf_size=80, n_neighbors=2, weights=distance
[CV]  algorithm=ball_tree, leaf_size=80, n_neighbors=2, weights=distance, score=0.901, total= 4.3min
[CV] algorithm=ball_tree, leaf_size=80, n_neighbors=50, weights=distance
[CV]  algorithm=ball_tree, leaf_size=80, n_neighbors=50, weights=distance, score=0.878, total= 4.4min
[CV] algorithm=kd_tree, leaf_size=10, n_neighbors=2, weights=distance
[CV]  algorithm=kd_tree, leaf_size=10, n_neighbors=2, weights=distance, score=0.906, total= 7.7min
[CV] algorithm=kd_tree, leaf_size=10, n_neighbors=10, weights=distance
[CV]  algorithm=kd_tree, leaf_size=10, n_neighbors=10, weights=distance, score=0.900, total= 9.2min
[CV] algorithm=kd_tree, leaf_size=20, n_neighbors=5, weights=distance
[CV]  algorithm=kd_tree, leaf_size=20, n_neighbors=5, weights=distance, score=0.892, total= 5.9min
[CV] algorithm=kd_tree, leaf_size=20, n_neighbors=10, weights=distance
[CV]  algorithm=kd_tree, leaf_size=20, n_neighbors=10, weights=distance, score=0.887, total= 6.2min
[CV] algorithm=kd_tree, leaf_size=50, n_neighbors=5, weights=distance
[CV]  algorithm=kd_tree, leaf_size=50, n_neighbors=5, weights=distance, score=0.892, total= 4.1min
[CV] algorithm=kd_tree, leaf_size=50, n_neighbors=50, weights=distance
[CV]  algorithm=kd_tree, leaf_size=50, n_neighbors=50, weights=distance, score=0.872, total= 4.5min
[CV] algorithm=kd_tree, leaf_size=60, n_neighbors=2, weights=distance
[CV]  algorithm=kd_tree, leaf_size=60, n_neighbors=2, weights=distance, score=0.903, total= 3.7min
[CV] algorithm=kd_tree, leaf_size=60, n_neighbors=10, weights=distance
[CV]  algorithm=kd_tree, leaf_size=60, n_neighbors=10, weights=distance, score=0.897, total= 4.3min
[CV] algorithm=kd_tree, leaf_size=70, n_neighbors=5, weights=distance
[CV]  algorithm=kd_tree, leaf_size=70, n_neighbors=5, weights=distance, score=0.894, total= 4.1min
[CV] algorithm=kd_tree, leaf_size=70, n_neighbors=50, weights=distance
[CV]  algorithm=kd_tree, leaf_size=70, n_neighbors=50, weights=distance, score=0.872, total= 4.5min
[CV] algorithm=kd_tree, leaf_size=80, n_neighbors=2, weights=distance
[CV]  algorithm=kd_tree, leaf_size=80, n_neighbors=2, weights=distance, score=0.903, total= 3.7min
[CV] algorithm=kd_tree, leaf_size=80, n_neighbors=10, weights=distance
[CV]  algorithm=kd_tree, leaf_size=80, n_neighbors=10, weights=distance, score=0.900, total= 4.3min
[CV] algorithm=ball_tree, leaf_size=10, n_neighbors=5, weights=distance
[CV]  algorithm=ball_tree, leaf_size=10, n_neighbors=5, weights=distance, score=0.894, total= 5.1min
[CV] algorithm=ball_tree, leaf_size=10, n_neighbors=50, weights=distance
[CV]  algorithm=ball_tree, leaf_size=10, n_neighbors=50, weights=distance, score=0.873, total= 4.8min
[CV] algorithm=ball_tree, leaf_size=20, n_neighbors=2, weights=distance
[CV]  algorithm=ball_tree, leaf_size=20, n_neighbors=2, weights=distance, score=0.902, total= 4.4min
[CV] algorithm=ball_tree, leaf_size=20, n_neighbors=50, weights=distance
[CV]  algorithm=ball_tree, leaf_size=20, n_neighbors=50, weights=distance, score=0.868, total= 4.6min
[CV] algorithm=ball_tree, leaf_size=50, n_neighbors=2, weights=distance
[CV]  algorithm=ball_tree, leaf_size=50, n_neighbors=2, weights=distance, score=0.908, total= 4.3min
[CV] algorithm=ball_tree, leaf_size=50, n_neighbors=50, weights=distance
[CV]  algorithm=ball_tree, leaf_size=50, n_neighbors=50, weights=distance, score=0.873, total= 4.4min
[CV] algorithm=ball_tree, leaf_size=60, n_neighbors=2, weights=distance
[CV]  algorithm=ball_tree, leaf_size=60, n_neighbors=2, weights=distance, score=0.908, total= 4.3min
[CV] algorithm=ball_tree, leaf_size=60, n_neighbors=50, weights=distance
[CV]  algorithm=ball_tree, leaf_size=60, n_neighbors=50, weights=distance, score=0.873, total= 4.4min
[CV] algorithm=ball_tree, leaf_size=70, n_neighbors=2, weights=distance
[CV]  algorithm=ball_tree, leaf_size=70, n_neighbors=2, weights=distance, score=0.908, total= 4.3min
[CV] algorithm=ball_tree, leaf_size=70, n_neighbors=50, weights=distance
[CV]  algorithm=ball_tree, leaf_size=70, n_neighbors=50, weights=distance, score=0.873, total= 4.4min
[CV] algorithm=ball_tree, leaf_size=80, n_neighbors=2, weights=distance
[CV]  algorithm=ball_tree, leaf_size=80, n_neighbors=2, weights=distance, score=0.908, total= 4.3min
[CV] algorithm=ball_tree, leaf_size=80, n_neighbors=50, weights=distance
[CV]  algorithm=ball_tree, leaf_size=80, n_neighbors=50, weights=distance, score=0.873, total= 4.4min
[CV] algorithm=kd_tree, leaf_size=10, n_neighbors=2, weights=distance
[CV]  algorithm=kd_tree, leaf_size=10, n_neighbors=2, weights=distance, score=0.908, total= 7.6min
[CV] algorithm=kd_tree, leaf_size=10, n_neighbors=10, weights=distance
[CV]  algorithm=kd_tree, leaf_size=10, n_neighbors=10, weights=distance, score=0.899, total= 9.2min
[CV] algorithm=kd_tree, leaf_size=20, n_neighbors=5, weights=distance
[CV]  algorithm=kd_tree, leaf_size=20, n_neighbors=5, weights=distance, score=0.894, total= 5.9min
[CV] algorithm=kd_tree, leaf_size=20, n_neighbors=10, weights=distance
[CV]  algorithm=kd_tree, leaf_size=20, n_neighbors=10, weights=distance, score=0.886, total= 6.2min
[CV] algorithm=kd_tree, leaf_size=50, n_neighbors=5, weights=distance
[CV]  algorithm=kd_tree, leaf_size=50, n_neighbors=5, weights=distance, score=0.899, total= 4.1min
[CV] algorithm=kd_tree, leaf_size=50, n_neighbors=10, weights=distance
[CV]  algorithm=kd_tree, leaf_size=50, n_neighbors=10, weights=distance, score=0.897, total= 4.3min
[CV] algorithm=kd_tree, leaf_size=60, n_neighbors=5, weights=distance
[CV]  algorithm=kd_tree, leaf_size=60, n_neighbors=5, weights=distance, score=0.902, total= 4.1min
[CV] algorithm=kd_tree, leaf_size=60, n_neighbors=50, weights=distance
[CV]  algorithm=kd_tree, leaf_size=60, n_neighbors=50, weights=distance, score=0.873, total= 4.5min
[CV] algorithm=kd_tree, leaf_size=70, n_neighbors=2, weights=distance
[CV]  algorithm=kd_tree, leaf_size=70, n_neighbors=2, weights=distance, score=0.908, total= 3.7min
[CV] algorithm=kd_tree, leaf_size=70, n_neighbors=50, weights=distance
[CV]  algorithm=kd_tree, leaf_size=70, n_neighbors=50, weights=distance, score=0.864, total= 4.5min
[CV] algorithm=kd_tree, leaf_size=80, n_neighbors=2, weights=distance
[CV]  algorithm=kd_tree, leaf_size=80, n_neighbors=2, weights=distance, score=0.896, total= 3.7min
[CV] algorithm=kd_tree, leaf_size=80, n_neighbors=10, weights=distance
[CV]  algorithm=kd_tree, leaf_size=80, n_neighbors=10, weights=distance, score=0.894, total= 4.3min
[CV] algorithm=ball_tree, leaf_size=10, n_neighbors=2, weights=distance
[CV]  algorithm=ball_tree, leaf_size=10, n_neighbors=2, weights=distance, score=0.901, total= 4.4min
[CV] algorithm=ball_tree, leaf_size=10, n_neighbors=10, weights=distance
[CV]  algorithm=ball_tree, leaf_size=10, n_neighbors=10, weights=distance, score=0.905, total= 4.7min
[CV] algorithm=ball_tree, leaf_size=20, n_neighbors=5, weights=distance
[CV]  algorithm=ball_tree, leaf_size=20, n_neighbors=5, weights=distance, score=0.892, total= 4.5min
[CV] algorithm=ball_tree, leaf_size=20, n_neighbors=10, weights=distance
[CV]  algorithm=ball_tree, leaf_size=20, n_neighbors=10, weights=distance, score=0.886, total= 4.5min
[CV] algorithm=ball_tree, leaf_size=50, n_neighbors=5, weights=distance
[CV]  algorithm=ball_tree, leaf_size=50, n_neighbors=5, weights=distance, score=0.892, total= 4.3min
[CV] algorithm=ball_tree, leaf_size=50, n_neighbors=10, weights=distance
[CV]  algorithm=ball_tree, leaf_size=50, n_neighbors=10, weights=distance, score=0.886, total= 4.3min
[CV] algorithm=ball_tree, leaf_size=60, n_neighbors=5, weights=distance
[CV]  algorithm=ball_tree, leaf_size=60, n_neighbors=5, weights=distance, score=0.892, total= 4.3min
[CV] algorithm=ball_tree, leaf_size=60, n_neighbors=10, weights=distance
[CV]  algorithm=ball_tree, leaf_size=60, n_neighbors=10, weights=distance, score=0.886, total= 4.4min
[CV] algorithm=ball_tree, leaf_size=70, n_neighbors=5, weights=distance
[CV]  algorithm=ball_tree, leaf_size=70, n_neighbors=5, weights=distance, score=0.902, total= 4.3min
[CV] algorithm=ball_tree, leaf_size=70, n_neighbors=10, weights=distance
[CV]  algorithm=ball_tree, leaf_size=70, n_neighbors=10, weights=distance, score=0.905, total= 4.4min
[CV] algorithm=ball_tree, leaf_size=80, n_neighbors=5, weights=distance
[CV]  algorithm=ball_tree, leaf_size=80, n_neighbors=5, weights=distance, score=0.902, total= 4.3min
[CV] algorithm=ball_tree, leaf_size=80, n_neighbors=10, weights=distance
[CV]  algorithm=ball_tree, leaf_size=80, n_neighbors=10, weights=distance, score=0.905, total= 4.4min
[CV] algorithm=kd_tree, leaf_size=10, n_neighbors=5, weights=distance
[CV]  algorithm=kd_tree, leaf_size=10, n_neighbors=5, weights=distance, score=0.902, total= 8.8min
[CV] algorithm=kd_tree, leaf_size=10, n_neighbors=50, weights=distance
[CV]  algorithm=kd_tree, leaf_size=10, n_neighbors=50, weights=distance, score=0.869, total= 9.6min
[CV] algorithm=kd_tree, leaf_size=20, n_neighbors=2, weights=distance
[CV]  algorithm=kd_tree, leaf_size=20, n_neighbors=2, weights=distance, score=0.902, total= 5.2min
[CV] algorithm=kd_tree, leaf_size=20, n_neighbors=50, weights=distance
[CV]  algorithm=kd_tree, leaf_size=20, n_neighbors=50, weights=distance, score=0.859, total= 6.5min
[CV] algorithm=kd_tree, leaf_size=50, n_neighbors=2, weights=distance
[CV]  algorithm=kd_tree, leaf_size=50, n_neighbors=2, weights=distance, score=0.900, total= 3.7min
[CV] algorithm=kd_tree, leaf_size=50, n_neighbors=50, weights=distance
[CV]  algorithm=kd_tree, leaf_size=50, n_neighbors=50, weights=distance, score=0.869, total= 4.5min
[CV] algorithm=kd_tree, leaf_size=60, n_neighbors=2, weights=distance
[CV]  algorithm=kd_tree, leaf_size=60, n_neighbors=2, weights=distance, score=0.902, total= 3.7min
[CV] algorithm=kd_tree, leaf_size=60, n_neighbors=10, weights=distance
[CV]  algorithm=kd_tree, leaf_size=60, n_neighbors=10, weights=distance, score=0.887, total= 4.3min
[CV] algorithm=kd_tree, leaf_size=70, n_neighbors=5, weights=distance
[CV]  algorithm=kd_tree, leaf_size=70, n_neighbors=5, weights=distance, score=0.892, total= 4.1min
[CV] algorithm=kd_tree, leaf_size=70, n_neighbors=50, weights=distance
[CV]  algorithm=kd_tree, leaf_size=70, n_neighbors=50, weights=distance, score=0.869, total= 4.5min
[CV] algorithm=kd_tree, leaf_size=80, n_neighbors=2, weights=distance
[CV]  algorithm=kd_tree, leaf_size=80, n_neighbors=2, weights=distance, score=0.902, total= 3.7min
[CV] algorithm=kd_tree, leaf_size=80, n_neighbors=10, weights=distance
[CV]  algorithm=kd_tree, leaf_size=80, n_neighbors=10, weights=distance, score=0.900, total= 4.3min
[CV] algorithm=ball_tree, leaf_size=10, n_neighbors=2, weights=distance
[CV]  algorithm=ball_tree, leaf_size=10, n_neighbors=2, weights=distance, score=0.901, total= 4.4min
[CV] algorithm=ball_tree, leaf_size=10, n_neighbors=10, weights=distance
[CV]  algorithm=ball_tree, leaf_size=10, n_neighbors=10, weights=distance, score=0.886, total= 4.8min
[CV] algorithm=ball_tree, leaf_size=20, n_neighbors=5, weights=distance
[CV]  algorithm=ball_tree, leaf_size=20, n_neighbors=5, weights=distance, score=0.902, total= 4.5min
[CV] algorithm=ball_tree, leaf_size=20, n_neighbors=10, weights=distance
[CV]  algorithm=ball_tree, leaf_size=20, n_neighbors=10, weights=distance, score=0.905, total= 4.6min
[CV] algorithm=ball_tree, leaf_size=50, n_neighbors=5, weights=distance
[CV]  algorithm=ball_tree, leaf_size=50, n_neighbors=5, weights=distance, score=0.902, total= 4.3min
[CV] algorithm=ball_tree, leaf_size=50, n_neighbors=10, weights=distance
[CV]  algorithm=ball_tree, leaf_size=50, n_neighbors=10, weights=distance, score=0.896, total= 4.4min
[CV] algorithm=ball_tree, leaf_size=60, n_neighbors=5, weights=distance
[CV]  algorithm=ball_tree, leaf_size=60, n_neighbors=5, weights=distance, score=0.894, total= 4.3min
[CV] algorithm=ball_tree, leaf_size=60, n_neighbors=10, weights=distance
[CV]  algorithm=ball_tree, leaf_size=60, n_neighbors=10, weights=distance, score=0.896, total= 4.3min
[CV] algorithm=ball_tree, leaf_size=70, n_neighbors=5, weights=distance
[CV]  algorithm=ball_tree, leaf_size=70, n_neighbors=5, weights=distance, score=0.894, total= 4.3min
[CV] algorithm=ball_tree, leaf_size=70, n_neighbors=10, weights=distance
[CV]  algorithm=ball_tree, leaf_size=70, n_neighbors=10, weights=distance, score=0.896, total= 4.4min
[CV] algorithm=ball_tree, leaf_size=80, n_neighbors=5, weights=distance
[CV]  algorithm=ball_tree, leaf_size=80, n_neighbors=5, weights=distance, score=0.894, total= 4.3min
[CV] algorithm=ball_tree, leaf_size=80, n_neighbors=10, weights=distance
[CV]  algorithm=ball_tree, leaf_size=80, n_neighbors=10, weights=distance, score=0.896, total= 4.3min
[CV] algorithm=kd_tree, leaf_size=10, n_neighbors=5, weights=distance
[CV]  algorithm=kd_tree, leaf_size=10, n_neighbors=5, weights=distance, score=0.894, total= 8.7min
[CV] algorithm=kd_tree, leaf_size=10, n_neighbors=50, weights=distance
[CV]  algorithm=kd_tree, leaf_size=10, n_neighbors=50, weights=distance, score=0.878, total= 9.6min
[CV] algorithm=kd_tree, leaf_size=20, n_neighbors=2, weights=distance
[CV]  algorithm=kd_tree, leaf_size=20, n_neighbors=2, weights=distance, score=0.901, total= 5.3min
[CV] algorithm=kd_tree, leaf_size=20, n_neighbors=50, weights=distance
[CV]  algorithm=kd_tree, leaf_size=20, n_neighbors=50, weights=distance, score=0.878, total= 6.5min
[CV] algorithm=kd_tree, leaf_size=50, n_neighbors=2, weights=distance
[CV]  algorithm=kd_tree, leaf_size=50, n_neighbors=2, weights=distance, score=0.906, total= 3.7min
[CV] algorithm=kd_tree, leaf_size=50, n_neighbors=50, weights=distance
[CV]  algorithm=kd_tree, leaf_size=50, n_neighbors=50, weights=distance, score=0.860, total= 4.5min
[CV] algorithm=kd_tree, leaf_size=60, n_neighbors=2, weights=distance
[CV]  algorithm=kd_tree, leaf_size=60, n_neighbors=2, weights=distance, score=0.900, total= 3.7min
[CV] algorithm=kd_tree, leaf_size=60, n_neighbors=50, weights=distance
[CV]  algorithm=kd_tree, leaf_size=60, n_neighbors=50, weights=distance, score=0.864, total= 4.5min
[CV] algorithm=kd_tree, leaf_size=70, n_neighbors=2, weights=distance
[CV]  algorithm=kd_tree, leaf_size=70, n_neighbors=2, weights=distance, score=0.903, total= 3.7min
[CV] algorithm=kd_tree, leaf_size=70, n_neighbors=10, weights=distance
[CV]  algorithm=kd_tree, leaf_size=70, n_neighbors=10, weights=distance, score=0.900, total= 4.3min
[CV] algorithm=kd_tree, leaf_size=80, n_neighbors=5, weights=distance
[CV]  algorithm=kd_tree, leaf_size=80, n_neighbors=5, weights=distance, score=0.901, total= 4.1min
[CV] algorithm=kd_tree, leaf_size=80, n_neighbors=10, weights=distance
[CV]  algorithm=kd_tree, leaf_size=80, n_neighbors=10, weights=distance, score=0.905, total= 4.3min
[CV] algorithm=ball_tree, leaf_size=10, n_neighbors=5, weights=distance
[CV]  algorithm=ball_tree, leaf_size=10, n_neighbors=5, weights=distance, score=0.892, total= 4.9min
[CV] algorithm=ball_tree, leaf_size=10, n_neighbors=50, weights=distance
[CV]  algorithm=ball_tree, leaf_size=10, n_neighbors=50, weights=distance, score=0.867, total= 4.9min
[CV] algorithm=ball_tree, leaf_size=20, n_neighbors=2, weights=distance
[CV]  algorithm=ball_tree, leaf_size=20, n_neighbors=2, weights=distance, score=0.901, total= 4.4min
[CV] algorithm=ball_tree, leaf_size=20, n_neighbors=50, weights=distance
[CV]  algorithm=ball_tree, leaf_size=20, n_neighbors=50, weights=distance, score=0.872, total= 4.6min
[CV] algorithm=ball_tree, leaf_size=50, n_neighbors=2, weights=distance
[CV]  algorithm=ball_tree, leaf_size=50, n_neighbors=2, weights=distance, score=0.896, total= 4.3min
[CV] algorithm=ball_tree, leaf_size=50, n_neighbors=50, weights=distance
[CV]  algorithm=ball_tree, leaf_size=50, n_neighbors=50, weights=distance, score=0.872, total= 4.4min
[CV] algorithm=ball_tree, leaf_size=60, n_neighbors=2, weights=distance
[CV]  algorithm=ball_tree, leaf_size=60, n_neighbors=2, weights=distance, score=0.896, total= 4.2min
[CV] algorithm=ball_tree, leaf_size=60, n_neighbors=50, weights=distance
[CV]  algorithm=ball_tree, leaf_size=60, n_neighbors=50, weights=distance, score=0.872, total= 4.4min
[CV] algorithm=ball_tree, leaf_size=70, n_neighbors=2, weights=distance
[CV]  algorithm=ball_tree, leaf_size=70, n_neighbors=2, weights=distance, score=0.907, total= 4.2min
[CV] algorithm=ball_tree, leaf_size=70, n_neighbors=50, weights=distance
[CV]  algorithm=ball_tree, leaf_size=70, n_neighbors=50, weights=distance, score=0.859, total= 4.4min
[CV] algorithm=ball_tree, leaf_size=80, n_neighbors=2, weights=distance
[CV]  algorithm=ball_tree, leaf_size=80, n_neighbors=2, weights=distance, score=0.900, total= 4.2min
[CV] algorithm=ball_tree, leaf_size=80, n_neighbors=50, weights=distance
[CV]  algorithm=ball_tree, leaf_size=80, n_neighbors=50, weights=distance, score=0.872, total= 4.3min
[CV] algorithm=kd_tree, leaf_size=10, n_neighbors=5, weights=distance
[CV]  algorithm=kd_tree, leaf_size=10, n_neighbors=5, weights=distance, score=0.899, total= 8.6min
[CV] algorithm=kd_tree, leaf_size=10, n_neighbors=50, weights=distance
[CV]  algorithm=kd_tree, leaf_size=10, n_neighbors=50, weights=distance, score=0.868, total= 9.5min
[CV] algorithm=kd_tree, leaf_size=20, n_neighbors=2, weights=distance
[CV]  algorithm=kd_tree, leaf_size=20, n_neighbors=2, weights=distance, score=0.908, total= 5.2min
[CV] algorithm=kd_tree, leaf_size=20, n_neighbors=50, weights=distance
[CV]  algorithm=kd_tree, leaf_size=20, n_neighbors=50, weights=distance, score=0.868, total= 6.4min
[CV] algorithm=kd_tree, leaf_size=50, n_neighbors=2, weights=distance
[CV]  algorithm=kd_tree, leaf_size=50, n_neighbors=2, weights=distance, score=0.908, total= 3.7min
[CV] algorithm=kd_tree, leaf_size=50, n_neighbors=50, weights=distance
[CV]  algorithm=kd_tree, leaf_size=50, n_neighbors=50, weights=distance, score=0.868, total= 4.5min
[CV] algorithm=kd_tree, leaf_size=60, n_neighbors=2, weights=distance
[CV]  algorithm=kd_tree, leaf_size=60, n_neighbors=2, weights=distance, score=0.908, total= 3.7min
[CV] algorithm=kd_tree, leaf_size=60, n_neighbors=10, weights=distance
[CV]  algorithm=kd_tree, leaf_size=60, n_neighbors=10, weights=distance, score=0.896, total= 4.3min
[CV] algorithm=kd_tree, leaf_size=70, n_neighbors=5, weights=distance
[CV]  algorithm=kd_tree, leaf_size=70, n_neighbors=5, weights=distance, score=0.899, total= 4.1min
[CV] algorithm=kd_tree, leaf_size=70, n_neighbors=50, weights=distance
[CV]  algorithm=kd_tree, leaf_size=70, n_neighbors=50, weights=distance, score=0.878, total= 4.5min
[CV] algorithm=kd_tree, leaf_size=80, n_neighbors=2, weights=distance
[CV]  algorithm=kd_tree, leaf_size=80, n_neighbors=2, weights=distance, score=0.908, total= 3.7min
[CV] algorithm=kd_tree, leaf_size=80, n_neighbors=10, weights=distance
[CV]  algorithm=kd_tree, leaf_size=80, n_neighbors=10, weights=distance, score=0.887, total= 4.3min
[CV] algorithm=ball_tree, leaf_size=10, n_neighbors=2, weights=distance
[CV]  algorithm=ball_tree, leaf_size=10, n_neighbors=2, weights=distance, score=0.907, total= 4.6min
[CV] algorithm=ball_tree, leaf_size=10, n_neighbors=10, weights=distance
[CV]  algorithm=ball_tree, leaf_size=10, n_neighbors=10, weights=distance, score=0.897, total= 4.8min
[CV] algorithm=ball_tree, leaf_size=20, n_neighbors=5, weights=distance
[CV]  algorithm=ball_tree, leaf_size=20, n_neighbors=5, weights=distance, score=0.899, total= 4.5min
[CV] algorithm=ball_tree, leaf_size=20, n_neighbors=10, weights=distance
[CV]  algorithm=ball_tree, leaf_size=20, n_neighbors=10, weights=distance, score=0.897, total= 4.6min
[CV] algorithm=ball_tree, leaf_size=50, n_neighbors=5, weights=distance
[CV]  algorithm=ball_tree, leaf_size=50, n_neighbors=5, weights=distance, score=0.899, total= 4.3min
[CV] algorithm=ball_tree, leaf_size=50, n_neighbors=10, weights=distance
[CV]  algorithm=ball_tree, leaf_size=50, n_neighbors=10, weights=distance, score=0.897, total= 4.4min
[CV] algorithm=ball_tree, leaf_size=60, n_neighbors=5, weights=distance
[CV]  algorithm=ball_tree, leaf_size=60, n_neighbors=5, weights=distance, score=0.899, total= 4.3min
[CV] algorithm=ball_tree, leaf_size=60, n_neighbors=10, weights=distance
[CV]  algorithm=ball_tree, leaf_size=60, n_neighbors=10, weights=distance, score=0.897, total= 4.4min
[CV] algorithm=ball_tree, leaf_size=70, n_neighbors=5, weights=distance
[CV]  algorithm=ball_tree, leaf_size=70, n_neighbors=5, weights=distance, score=0.899, total= 4.4min
[CV] algorithm=ball_tree, leaf_size=70, n_neighbors=10, weights=distance
[CV]  algorithm=ball_tree, leaf_size=70, n_neighbors=10, weights=distance, score=0.897, total= 4.4min
[CV] algorithm=ball_tree, leaf_size=80, n_neighbors=5, weights=distance
[CV]  algorithm=ball_tree, leaf_size=80, n_neighbors=5, weights=distance, score=0.899, total= 4.4min
[CV] algorithm=ball_tree, leaf_size=80, n_neighbors=50, weights=distance
[CV]  algorithm=ball_tree, leaf_size=80, n_neighbors=50, weights=distance, score=0.859, total= 4.3min
[CV] algorithm=kd_tree, leaf_size=10, n_neighbors=2, weights=distance
[CV]  algorithm=kd_tree, leaf_size=10, n_neighbors=2, weights=distance, score=0.903, total= 7.6min
[CV] algorithm=kd_tree, leaf_size=10, n_neighbors=10, weights=distance
[CV]  algorithm=kd_tree, leaf_size=10, n_neighbors=10, weights=distance, score=0.900, total= 9.2min
[CV] algorithm=kd_tree, leaf_size=20, n_neighbors=5, weights=distance
[CV]  algorithm=kd_tree, leaf_size=20, n_neighbors=5, weights=distance, score=0.901, total= 5.9min
[CV] algorithm=kd_tree, leaf_size=20, n_neighbors=10, weights=distance
[CV]  algorithm=kd_tree, leaf_size=20, n_neighbors=10, weights=distance, score=0.900, total= 6.2min
[CV] algorithm=kd_tree, leaf_size=50, n_neighbors=5, weights=distance
[CV]  algorithm=kd_tree, leaf_size=50, n_neighbors=5, weights=distance, score=0.901, total= 4.1min
[CV] algorithm=kd_tree, leaf_size=50, n_neighbors=10, weights=distance
[CV]  algorithm=kd_tree, leaf_size=50, n_neighbors=10, weights=distance, score=0.900, total= 4.3min
[CV] algorithm=kd_tree, leaf_size=60, n_neighbors=5, weights=distance
[CV]  algorithm=kd_tree, leaf_size=60, n_neighbors=5, weights=distance, score=0.901, total= 4.1min
[CV] algorithm=kd_tree, leaf_size=60, n_neighbors=10, weights=distance
[CV]  algorithm=kd_tree, leaf_size=60, n_neighbors=10, weights=distance, score=0.900, total= 4.3min
[CV] algorithm=kd_tree, leaf_size=70, n_neighbors=5, weights=distance
[CV]  algorithm=kd_tree, leaf_size=70, n_neighbors=5, weights=distance, score=0.901, total= 4.1min
[CV] algorithm=kd_tree, leaf_size=70, n_neighbors=10, weights=distance
[CV]  algorithm=kd_tree, leaf_size=70, n_neighbors=10, weights=distance, score=0.897, total= 4.3min
[CV] algorithm=kd_tree, leaf_size=80, n_neighbors=5, weights=distance
[CV]  algorithm=kd_tree, leaf_size=80, n_neighbors=5, weights=distance, score=0.897, total= 4.1min
[CV] algorithm=kd_tree, leaf_size=80, n_neighbors=10, weights=distance
[CV]  algorithm=kd_tree, leaf_size=80, n_neighbors=10, weights=distance, score=0.897, total= 4.3min
[CV] algorithm=ball_tree, leaf_size=10, n_neighbors=5, weights=distance
[CV]  algorithm=ball_tree, leaf_size=10, n_neighbors=5, weights=distance, score=0.896, total= 5.1min
[CV] algorithm=ball_tree, leaf_size=10, n_neighbors=50, weights=distance
[CV]  algorithm=ball_tree, leaf_size=10, n_neighbors=50, weights=distance, score=0.868, total= 4.9min
[CV] algorithm=ball_tree, leaf_size=20, n_neighbors=2, weights=distance
[CV]  algorithm=ball_tree, leaf_size=20, n_neighbors=2, weights=distance, score=0.908, total= 4.3min
[CV] algorithm=ball_tree, leaf_size=20, n_neighbors=50, weights=distance
[CV]  algorithm=ball_tree, leaf_size=20, n_neighbors=50, weights=distance, score=0.869, total= 4.6min
[CV] algorithm=ball_tree, leaf_size=50, n_neighbors=2, weights=distance
[CV]  algorithm=ball_tree, leaf_size=50, n_neighbors=2, weights=distance, score=0.902, total= 4.2min
[CV] algorithm=ball_tree, leaf_size=50, n_neighbors=50, weights=distance
[CV]  algorithm=ball_tree, leaf_size=50, n_neighbors=50, weights=distance, score=0.878, total= 4.4min
[CV] algorithm=ball_tree, leaf_size=60, n_neighbors=2, weights=distance
[CV]  algorithm=ball_tree, leaf_size=60, n_neighbors=2, weights=distance, score=0.901, total= 4.2min
[CV] algorithm=ball_tree, leaf_size=60, n_neighbors=50, weights=distance
[CV]  algorithm=ball_tree, leaf_size=60, n_neighbors=50, weights=distance, score=0.859, total= 4.4min
[CV] algorithm=ball_tree, leaf_size=70, n_neighbors=2, weights=distance
[CV]  algorithm=ball_tree, leaf_size=70, n_neighbors=2, weights=distance, score=0.901, total= 4.2min
[CV] algorithm=ball_tree, leaf_size=70, n_neighbors=50, weights=distance
[CV]  algorithm=ball_tree, leaf_size=70, n_neighbors=50, weights=distance, score=0.868, total= 4.4min
[CV] algorithm=ball_tree, leaf_size=80, n_neighbors=2, weights=distance
[CV]  algorithm=ball_tree, leaf_size=80, n_neighbors=2, weights=distance, score=0.901, total= 4.2min
[CV] algorithm=ball_tree, leaf_size=80, n_neighbors=10, weights=distance
[CV]  algorithm=ball_tree, leaf_size=80, n_neighbors=10, weights=distance, score=0.899, total= 4.4min
[CV] algorithm=kd_tree, leaf_size=10, n_neighbors=2, weights=distance
[CV]  algorithm=kd_tree, leaf_size=10, n_neighbors=2, weights=distance, score=0.896, total= 7.8min
[CV] algorithm=kd_tree, leaf_size=10, n_neighbors=10, weights=distance
[CV]  algorithm=kd_tree, leaf_size=10, n_neighbors=10, weights=distance, score=0.887, total= 9.2min
[CV] algorithm=kd_tree, leaf_size=20, n_neighbors=5, weights=distance
[CV]  algorithm=kd_tree, leaf_size=20, n_neighbors=5, weights=distance, score=0.896, total= 6.0min
[CV] algorithm=kd_tree, leaf_size=20, n_neighbors=50, weights=distance
[CV]  algorithm=kd_tree, leaf_size=20, n_neighbors=50, weights=distance, score=0.864, total= 6.4min
[CV] algorithm=kd_tree, leaf_size=50, n_neighbors=2, weights=distance
[CV]  algorithm=kd_tree, leaf_size=50, n_neighbors=2, weights=distance, score=0.896, total= 3.7min
[CV] algorithm=kd_tree, leaf_size=50, n_neighbors=10, weights=distance
[CV]  algorithm=kd_tree, leaf_size=50, n_neighbors=10, weights=distance, score=0.894, total= 4.3min
[CV] algorithm=kd_tree, leaf_size=60, n_neighbors=5, weights=distance
[CV]  algorithm=kd_tree, leaf_size=60, n_neighbors=5, weights=distance, score=0.894, total= 4.1min
[CV] algorithm=kd_tree, leaf_size=60, n_neighbors=10, weights=distance
[CV]  algorithm=kd_tree, leaf_size=60, n_neighbors=10, weights=distance, score=0.905, total= 4.3min
[CV] algorithm=kd_tree, leaf_size=70, n_neighbors=5, weights=distance
[CV]  algorithm=kd_tree, leaf_size=70, n_neighbors=5, weights=distance, score=0.902, total= 4.1min
[CV] algorithm=kd_tree, leaf_size=70, n_neighbors=50, weights=distance
[CV]  algorithm=kd_tree, leaf_size=70, n_neighbors=50, weights=distance, score=0.873, total= 4.5min
[CV] algorithm=kd_tree, leaf_size=80, n_neighbors=2, weights=distance
[CV]  algorithm=kd_tree, leaf_size=80, n_neighbors=2, weights=distance, score=0.908, total= 3.7min
[CV] algorithm=kd_tree, leaf_size=80, n_neighbors=10, weights=distance
[CV]  algorithm=kd_tree, leaf_size=80, n_neighbors=10, weights=distance, score=0.896, total= 4.3min
[CV] algorithm=ball_tree, leaf_size=10, n_neighbors=2, weights=distance
[CV]  algorithm=ball_tree, leaf_size=10, n_neighbors=2, weights=distance, score=0.908, total= 4.9min
[CV] algorithm=ball_tree, leaf_size=10, n_neighbors=50, weights=distance
[CV]  algorithm=ball_tree, leaf_size=10, n_neighbors=50, weights=distance, score=0.872, total= 4.8min
[CV] algorithm=ball_tree, leaf_size=20, n_neighbors=2, weights=distance
[CV]  algorithm=ball_tree, leaf_size=20, n_neighbors=2, weights=distance, score=0.896, total= 4.3min
[CV] algorithm=ball_tree, leaf_size=20, n_neighbors=50, weights=distance
[CV]  algorithm=ball_tree, leaf_size=20, n_neighbors=50, weights=distance, score=0.864, total= 4.6min
[CV] algorithm=ball_tree, leaf_size=50, n_neighbors=2, weights=distance
[CV]  algorithm=ball_tree, leaf_size=50, n_neighbors=2, weights=distance, score=0.903, total= 4.2min
[CV] algorithm=ball_tree, leaf_size=50, n_neighbors=10, weights=distance
[CV]  algorithm=ball_tree, leaf_size=50, n_neighbors=10, weights=distance, score=0.899, total= 4.4min
[CV] algorithm=ball_tree, leaf_size=60, n_neighbors=5, weights=distance
[CV]  algorithm=ball_tree, leaf_size=60, n_neighbors=5, weights=distance, score=0.902, total= 4.3min
[CV] algorithm=ball_tree, leaf_size=60, n_neighbors=50, weights=distance
[CV]  algorithm=ball_tree, leaf_size=60, n_neighbors=50, weights=distance, score=0.864, total= 4.4min
[CV] algorithm=ball_tree, leaf_size=70, n_neighbors=2, weights=distance
[CV]  algorithm=ball_tree, leaf_size=70, n_neighbors=2, weights=distance, score=0.903, total= 4.2min
[CV] algorithm=ball_tree, leaf_size=70, n_neighbors=50, weights=distance
[CV]  algorithm=ball_tree, leaf_size=70, n_neighbors=50, weights=distance, score=0.872, total= 4.4min
[CV] algorithm=ball_tree, leaf_size=80, n_neighbors=2, weights=distance
[CV]  algorithm=ball_tree, leaf_size=80, n_neighbors=2, weights=distance, score=0.907, total= 4.3min
[CV] algorithm=ball_tree, leaf_size=80, n_neighbors=50, weights=distance
[CV]  algorithm=ball_tree, leaf_size=80, n_neighbors=50, weights=distance, score=0.868, total= 4.4min
[CV] algorithm=kd_tree, leaf_size=10, n_neighbors=2, weights=distance
[CV]  algorithm=kd_tree, leaf_size=10, n_neighbors=2, weights=distance, score=0.900, total= 7.7min
[CV] algorithm=kd_tree, leaf_size=10, n_neighbors=10, weights=distance
[CV]  algorithm=kd_tree, leaf_size=10, n_neighbors=10, weights=distance, score=0.896, total= 9.2min
[CV] algorithm=kd_tree, leaf_size=20, n_neighbors=5, weights=distance
[CV]  algorithm=kd_tree, leaf_size=20, n_neighbors=5, weights=distance, score=0.902, total= 5.9min
[CV] algorithm=kd_tree, leaf_size=20, n_neighbors=10, weights=distance
[CV]  algorithm=kd_tree, leaf_size=20, n_neighbors=10, weights=distance, score=0.896, total= 6.2min
[CV] algorithm=kd_tree, leaf_size=50, n_neighbors=5, weights=distance
[CV]  algorithm=kd_tree, leaf_size=50, n_neighbors=5, weights=distance, score=0.894, total= 4.1min
[CV] algorithm=kd_tree, leaf_size=50, n_neighbors=50, weights=distance
[CV]  algorithm=kd_tree, leaf_size=50, n_neighbors=50, weights=distance, score=0.864, total= 4.5min
[CV] algorithm=kd_tree, leaf_size=60, n_neighbors=2, weights=distance
[CV]  algorithm=kd_tree, leaf_size=60, n_neighbors=2, weights=distance, score=0.896, total= 3.8min
[CV] algorithm=kd_tree, leaf_size=60, n_neighbors=10, weights=distance
[CV]  algorithm=kd_tree, leaf_size=60, n_neighbors=10, weights=distance, score=0.900, total= 4.4min
[CV] algorithm=kd_tree, leaf_size=70, n_neighbors=5, weights=distance
[CV]  algorithm=kd_tree, leaf_size=70, n_neighbors=5, weights=distance, score=0.896, total= 4.1min
[CV] algorithm=kd_tree, leaf_size=70, n_neighbors=50, weights=distance
[CV]  algorithm=kd_tree, leaf_size=70, n_neighbors=50, weights=distance, score=0.859, total= 4.5min
[CV] algorithm=kd_tree, leaf_size=80, n_neighbors=2, weights=distance
[CV]  algorithm=kd_tree, leaf_size=80, n_neighbors=2, weights=distance, score=0.907, total= 3.7min
[CV] algorithm=kd_tree, leaf_size=80, n_neighbors=10, weights=distance
[CV]  algorithm=kd_tree, leaf_size=80, n_neighbors=10, weights=distance, score=0.886, total= 4.3min
[CV] algorithm=ball_tree, leaf_size=10, n_neighbors=5, weights=distance
[CV]  algorithm=ball_tree, leaf_size=10, n_neighbors=5, weights=distance, score=0.897, total= 4.3min
[CV] algorithm=ball_tree, leaf_size=10, n_neighbors=10, weights=distance
[CV]  algorithm=ball_tree, leaf_size=10, n_neighbors=10, weights=distance, score=0.887, total= 4.7min
[CV] algorithm=ball_tree, leaf_size=20, n_neighbors=5, weights=distance
[CV]  algorithm=ball_tree, leaf_size=20, n_neighbors=5, weights=distance, score=0.896, total= 4.5min
[CV] algorithm=ball_tree, leaf_size=20, n_neighbors=10, weights=distance
[CV]  algorithm=ball_tree, leaf_size=20, n_neighbors=10, weights=distance, score=0.887, total= 4.5min
[CV] algorithm=ball_tree, leaf_size=50, n_neighbors=5, weights=distance
[CV]  algorithm=ball_tree, leaf_size=50, n_neighbors=5, weights=distance, score=0.896, total= 4.3min
[CV] algorithm=ball_tree, leaf_size=50, n_neighbors=10, weights=distance
[CV]  algorithm=ball_tree, leaf_size=50, n_neighbors=10, weights=distance, score=0.887, total= 4.4min
[CV] algorithm=ball_tree, leaf_size=60, n_neighbors=5, weights=distance
[CV]  algorithm=ball_tree, leaf_size=60, n_neighbors=5, weights=distance, score=0.896, total= 4.3min
[CV] algorithm=ball_tree, leaf_size=60, n_neighbors=10, weights=distance
[CV]  algorithm=ball_tree, leaf_size=60, n_neighbors=10, weights=distance, score=0.887, total= 4.4min
[CV] algorithm=ball_tree, leaf_size=70, n_neighbors=5, weights=distance
[CV]  algorithm=ball_tree, leaf_size=70, n_neighbors=5, weights=distance, score=0.896, total= 4.3min
[CV] algorithm=ball_tree, leaf_size=70, n_neighbors=10, weights=distance
[CV]  algorithm=ball_tree, leaf_size=70, n_neighbors=10, weights=distance, score=0.887, total= 4.4min
[CV] algorithm=ball_tree, leaf_size=80, n_neighbors=5, weights=distance
[CV]  algorithm=ball_tree, leaf_size=80, n_neighbors=5, weights=distance, score=0.892, total= 4.3min
[CV] algorithm=ball_tree, leaf_size=80, n_neighbors=10, weights=distance
[CV]  algorithm=ball_tree, leaf_size=80, n_neighbors=10, weights=distance, score=0.886, total= 4.3min
[CV] algorithm=kd_tree, leaf_size=10, n_neighbors=5, weights=distance
[CV]  algorithm=kd_tree, leaf_size=10, n_neighbors=5, weights=distance, score=0.892, total= 8.8min
[CV] algorithm=kd_tree, leaf_size=10, n_neighbors=50, weights=distance
[CV]  algorithm=kd_tree, leaf_size=10, n_neighbors=50, weights=distance, score=0.860, total= 9.6min
[CV] algorithm=kd_tree, leaf_size=20, n_neighbors=2, weights=distance
[CV]  algorithm=kd_tree, leaf_size=20, n_neighbors=2, weights=distance, score=0.906, total= 5.2min
[CV] algorithm=kd_tree, leaf_size=20, n_neighbors=50, weights=distance
[CV]  algorithm=kd_tree, leaf_size=20, n_neighbors=50, weights=distance, score=0.860, total= 6.5min
[CV] algorithm=kd_tree, leaf_size=50, n_neighbors=2, weights=distance
[CV]  algorithm=kd_tree, leaf_size=50, n_neighbors=2, weights=distance, score=0.901, total= 3.7min
[CV] algorithm=kd_tree, leaf_size=50, n_neighbors=50, weights=distance
[CV]  algorithm=kd_tree, leaf_size=50, n_neighbors=50, weights=distance, score=0.878, total= 4.5min
[CV] algorithm=kd_tree, leaf_size=60, n_neighbors=2, weights=distance
[CV]  algorithm=kd_tree, leaf_size=60, n_neighbors=2, weights=distance, score=0.906, total= 3.7min
[CV] algorithm=kd_tree, leaf_size=60, n_neighbors=10, weights=distance
[CV]  algorithm=kd_tree, leaf_size=60, n_neighbors=10, weights=distance, score=0.899, total= 4.3min
[CV] algorithm=kd_tree, leaf_size=70, n_neighbors=5, weights=distance
[CV]  algorithm=kd_tree, leaf_size=70, n_neighbors=5, weights=distance, score=0.894, total= 4.1min
[CV] algorithm=kd_tree, leaf_size=70, n_neighbors=50, weights=distance
[CV]  algorithm=kd_tree, leaf_size=70, n_neighbors=50, weights=distance, score=0.860, total= 4.5min
[CV] algorithm=kd_tree, leaf_size=80, n_neighbors=2, weights=distance
[CV]  algorithm=kd_tree, leaf_size=80, n_neighbors=2, weights=distance, score=0.900, total= 3.7min
[CV] algorithm=kd_tree, leaf_size=80, n_neighbors=10, weights=distance
[CV]  algorithm=kd_tree, leaf_size=80, n_neighbors=10, weights=distance, score=0.899, total= 4.3min
[CV] algorithm=ball_tree, leaf_size=10, n_neighbors=2, weights=distance
[CV]  algorithm=ball_tree, leaf_size=10, n_neighbors=2, weights=distance, score=0.896, total= 4.2min
[CV] algorithm=ball_tree, leaf_size=10, n_neighbors=10, weights=distance
[CV]  algorithm=ball_tree, leaf_size=10, n_neighbors=10, weights=distance, score=0.894, total= 4.7min
[CV] algorithm=ball_tree, leaf_size=20, n_neighbors=5, weights=distance
[CV]  algorithm=ball_tree, leaf_size=20, n_neighbors=5, weights=distance, score=0.897, total= 4.5min
[CV] algorithm=ball_tree, leaf_size=20, n_neighbors=10, weights=distance
[CV]  algorithm=ball_tree, leaf_size=20, n_neighbors=10, weights=distance, score=0.897, total= 4.5min
[CV] algorithm=ball_tree, leaf_size=50, n_neighbors=5, weights=distance
[CV]  algorithm=ball_tree, leaf_size=50, n_neighbors=5, weights=distance, score=0.897, total= 4.3min
[CV] algorithm=ball_tree, leaf_size=50, n_neighbors=10, weights=distance
[CV]  algorithm=ball_tree, leaf_size=50, n_neighbors=10, weights=distance, score=0.897, total= 4.4min
[CV] algorithm=ball_tree, leaf_size=60, n_neighbors=5, weights=distance
[CV]  algorithm=ball_tree, leaf_size=60, n_neighbors=5, weights=distance, score=0.897, total= 4.3min
[CV] algorithm=ball_tree, leaf_size=60, n_neighbors=10, weights=distance
[CV]  algorithm=ball_tree, leaf_size=60, n_neighbors=10, weights=distance, score=0.897, total= 4.4min
[CV] algorithm=ball_tree, leaf_size=70, n_neighbors=5, weights=distance
[CV]  algorithm=ball_tree, leaf_size=70, n_neighbors=5, weights=distance, score=0.897, total= 4.3min
[CV] algorithm=ball_tree, leaf_size=70, n_neighbors=10, weights=distance
[CV]  algorithm=ball_tree, leaf_size=70, n_neighbors=10, weights=distance, score=0.897, total= 4.4min
[CV] algorithm=ball_tree, leaf_size=80, n_neighbors=5, weights=distance
[CV]  algorithm=ball_tree, leaf_size=80, n_neighbors=5, weights=distance, score=0.897, total= 4.3min
[CV] algorithm=ball_tree, leaf_size=80, n_neighbors=10, weights=distance
[CV]  algorithm=ball_tree, leaf_size=80, n_neighbors=10, weights=distance, score=0.897, total= 4.4min
[CV] algorithm=kd_tree, leaf_size=10, n_neighbors=5, weights=distance
[CV]  algorithm=kd_tree, leaf_size=10, n_neighbors=5, weights=distance, score=0.897, total= 8.8min
[CV] algorithm=kd_tree, leaf_size=10, n_neighbors=50, weights=distance
[CV]  algorithm=kd_tree, leaf_size=10, n_neighbors=50, weights=distance, score=0.872, total= 9.5min
[CV] algorithm=kd_tree, leaf_size=20, n_neighbors=2, weights=distance
[CV]  algorithm=kd_tree, leaf_size=20, n_neighbors=2, weights=distance, score=0.903, total= 5.2min
[CV] algorithm=kd_tree, leaf_size=20, n_neighbors=10, weights=distance
[CV]  algorithm=kd_tree, leaf_size=20, n_neighbors=10, weights=distance, score=0.905, total= 6.2min
[CV] algorithm=kd_tree, leaf_size=50, n_neighbors=5, weights=distance
[CV]  algorithm=kd_tree, leaf_size=50, n_neighbors=5, weights=distance, score=0.902, total= 4.1min
[CV] algorithm=kd_tree, leaf_size=50, n_neighbors=10, weights=distance
[CV]  algorithm=kd_tree, leaf_size=50, n_neighbors=10, weights=distance, score=0.905, total= 4.3min
[CV] algorithm=kd_tree, leaf_size=60, n_neighbors=5, weights=distance
[CV]  algorithm=kd_tree, leaf_size=60, n_neighbors=5, weights=distance, score=0.892, total= 4.1min
[CV] algorithm=kd_tree, leaf_size=60, n_neighbors=50, weights=distance
[CV]  algorithm=kd_tree, leaf_size=60, n_neighbors=50, weights=distance, score=0.868, total= 4.5min
[CV] algorithm=kd_tree, leaf_size=70, n_neighbors=2, weights=distance
[CV]  algorithm=kd_tree, leaf_size=70, n_neighbors=2, weights=distance, score=0.901, total= 3.7min
[CV] algorithm=kd_tree, leaf_size=70, n_neighbors=10, weights=distance
[CV]  algorithm=kd_tree, leaf_size=70, n_neighbors=10, weights=distance, score=0.894, total= 4.3min
[CV] algorithm=kd_tree, leaf_size=80, n_neighbors=5, weights=distance
[CV]  algorithm=kd_tree, leaf_size=80, n_neighbors=5, weights=distance, score=0.894, total= 4.1min
[CV] algorithm=kd_tree, leaf_size=80, n_neighbors=50, weights=distance
[CV]  algorithm=kd_tree, leaf_size=80, n_neighbors=50, weights=distance, score=0.872, total= 4.4min
[CV] algorithm=ball_tree, leaf_size=10, n_neighbors=2, weights=distance
[CV]  algorithm=ball_tree, leaf_size=10, n_neighbors=2, weights=distance, score=0.902, total= 4.2min
[CV] algorithm=ball_tree, leaf_size=10, n_neighbors=10, weights=distance
[CV]  algorithm=ball_tree, leaf_size=10, n_neighbors=10, weights=distance, score=0.897, total= 4.7min
[CV] algorithm=ball_tree, leaf_size=20, n_neighbors=5, weights=distance
[CV]  algorithm=ball_tree, leaf_size=20, n_neighbors=5, weights=distance, score=0.894, total= 4.5min
[CV] algorithm=ball_tree, leaf_size=20, n_neighbors=10, weights=distance
[CV]  algorithm=ball_tree, leaf_size=20, n_neighbors=10, weights=distance, score=0.894, total= 4.5min
[CV] algorithm=ball_tree, leaf_size=50, n_neighbors=5, weights=distance
[CV]  algorithm=ball_tree, leaf_size=50, n_neighbors=5, weights=distance, score=0.894, total= 4.3min
[CV] algorithm=ball_tree, leaf_size=50, n_neighbors=10, weights=distance
[CV]  algorithm=ball_tree, leaf_size=50, n_neighbors=10, weights=distance, score=0.894, total= 4.4min
[CV] algorithm=ball_tree, leaf_size=60, n_neighbors=5, weights=distance
[CV]  algorithm=ball_tree, leaf_size=60, n_neighbors=5, weights=distance, score=0.894, total= 4.3min
[CV] algorithm=ball_tree, leaf_size=60, n_neighbors=10, weights=distance
[CV]  algorithm=ball_tree, leaf_size=60, n_neighbors=10, weights=distance, score=0.894, total= 4.4min
[CV] algorithm=ball_tree, leaf_size=70, n_neighbors=5, weights=distance
[CV]  algorithm=ball_tree, leaf_size=70, n_neighbors=5, weights=distance, score=0.894, total= 4.4min
[CV] algorithm=ball_tree, leaf_size=70, n_neighbors=10, weights=distance
[CV]  algorithm=ball_tree, leaf_size=70, n_neighbors=10, weights=distance, score=0.900, total= 4.4min
[CV] algorithm=ball_tree, leaf_size=80, n_neighbors=5, weights=distance
[CV]  algorithm=ball_tree, leaf_size=80, n_neighbors=5, weights=distance, score=0.896, total= 4.4min
[CV] algorithm=ball_tree, leaf_size=80, n_neighbors=10, weights=distance
[CV]  algorithm=ball_tree, leaf_size=80, n_neighbors=10, weights=distance, score=0.900, total= 4.4min
[CV] algorithm=kd_tree, leaf_size=10, n_neighbors=5, weights=distance
[CV]  algorithm=kd_tree, leaf_size=10, n_neighbors=5, weights=distance, score=0.896, total= 8.7min
[CV] algorithm=kd_tree, leaf_size=10, n_neighbors=50, weights=distance
[CV]  algorithm=kd_tree, leaf_size=10, n_neighbors=50, weights=distance, score=0.859, total= 9.6min
[CV] algorithm=kd_tree, leaf_size=20, n_neighbors=2, weights=distance
[CV]  algorithm=kd_tree, leaf_size=20, n_neighbors=2, weights=distance, score=0.900, total= 5.3min
[CV] algorithm=kd_tree, leaf_size=20, n_neighbors=50, weights=distance
[CV]  algorithm=kd_tree, leaf_size=20, n_neighbors=50, weights=distance, score=0.869, total= 6.5min
[CV] algorithm=kd_tree, leaf_size=50, n_neighbors=2, weights=distance
[CV]  algorithm=kd_tree, leaf_size=50, n_neighbors=2, weights=distance, score=0.902, total= 3.7min
[CV] algorithm=kd_tree, leaf_size=50, n_neighbors=50, weights=distance
[CV]  algorithm=kd_tree, leaf_size=50, n_neighbors=50, weights=distance, score=0.859, total= 4.5min
[CV] algorithm=kd_tree, leaf_size=60, n_neighbors=2, weights=distance
[CV]  algorithm=kd_tree, leaf_size=60, n_neighbors=2, weights=distance, score=0.907, total= 3.7min
[CV] algorithm=kd_tree, leaf_size=60, n_neighbors=10, weights=distance
[CV]  algorithm=kd_tree, leaf_size=60, n_neighbors=10, weights=distance, score=0.886, total= 4.3min
[CV] algorithm=kd_tree, leaf_size=70, n_neighbors=5, weights=distance
[CV]  algorithm=kd_tree, leaf_size=70, n_neighbors=5, weights=distance, score=0.902, total= 4.1min
[CV] algorithm=kd_tree, leaf_size=70, n_neighbors=50, weights=distance
[CV]  algorithm=kd_tree, leaf_size=70, n_neighbors=50, weights=distance, score=0.868, total= 4.5min
[CV] algorithm=kd_tree, leaf_size=80, n_neighbors=2, weights=distance
[CV]  algorithm=kd_tree, leaf_size=80, n_neighbors=2, weights=distance, score=0.901, total= 3.7min
[CV] algorithm=kd_tree, leaf_size=80, n_neighbors=50, weights=distance
[CV]  algorithm=kd_tree, leaf_size=80, n_neighbors=50, weights=distance, score=0.864, total= 4.4min
[CV] algorithm=ball_tree, leaf_size=10, n_neighbors=2, weights=distance
[CV]  algorithm=ball_tree, leaf_size=10, n_neighbors=2, weights=distance, score=0.908, total= 4.9min
[CV] algorithm=ball_tree, leaf_size=10, n_neighbors=10, weights=distance
[CV]  algorithm=ball_tree, leaf_size=10, n_neighbors=10, weights=distance, score=0.899, total= 4.8min
[CV] algorithm=ball_tree, leaf_size=20, n_neighbors=5, weights=distance
[CV]  algorithm=ball_tree, leaf_size=20, n_neighbors=5, weights=distance, score=0.902, total= 4.5min
[CV] algorithm=ball_tree, leaf_size=20, n_neighbors=50, weights=distance
[CV]  algorithm=ball_tree, leaf_size=20, n_neighbors=50, weights=distance, score=0.868, total= 4.6min
[CV] algorithm=ball_tree, leaf_size=50, n_neighbors=2, weights=distance
[CV]  algorithm=ball_tree, leaf_size=50, n_neighbors=2, weights=distance, score=0.900, total= 4.3min
[CV] algorithm=ball_tree, leaf_size=50, n_neighbors=50, weights=distance
[CV]  algorithm=ball_tree, leaf_size=50, n_neighbors=50, weights=distance, score=0.869, total= 4.4min
[CV] algorithm=ball_tree, leaf_size=60, n_neighbors=2, weights=distance
[CV]  algorithm=ball_tree, leaf_size=60, n_neighbors=2, weights=distance, score=0.906, total= 4.2min
[CV] algorithm=ball_tree, leaf_size=60, n_neighbors=50, weights=distance
[CV]  algorithm=ball_tree, leaf_size=60, n_neighbors=50, weights=distance, score=0.860, total= 4.4min
[CV] algorithm=ball_tree, leaf_size=70, n_neighbors=2, weights=distance
[CV]  algorithm=ball_tree, leaf_size=70, n_neighbors=2, weights=distance, score=0.900, total= 4.2min
[CV] algorithm=ball_tree, leaf_size=70, n_neighbors=50, weights=distance
[CV]  algorithm=ball_tree, leaf_size=70, n_neighbors=50, weights=distance, score=0.867, total= 4.4min
[CV] algorithm=ball_tree, leaf_size=80, n_neighbors=2, weights=distance
[CV]  algorithm=ball_tree, leaf_size=80, n_neighbors=2, weights=distance, score=0.896, total= 4.3min
[CV] algorithm=ball_tree, leaf_size=80, n_neighbors=50, weights=distance
[CV]  algorithm=ball_tree, leaf_size=80, n_neighbors=50, weights=distance, score=0.864, total= 4.4min
[CV] algorithm=kd_tree, leaf_size=10, n_neighbors=2, weights=distance
[CV]  algorithm=kd_tree, leaf_size=10, n_neighbors=2, weights=distance, score=0.901, total= 7.7min
[CV] algorithm=kd_tree, leaf_size=10, n_neighbors=10, weights=distance
[CV]  algorithm=kd_tree, leaf_size=10, n_neighbors=10, weights=distance, score=0.894, total= 9.2min
[CV] algorithm=kd_tree, leaf_size=20, n_neighbors=5, weights=distance
[CV]  algorithm=kd_tree, leaf_size=20, n_neighbors=5, weights=distance, score=0.896, total= 6.0min
[CV] algorithm=kd_tree, leaf_size=20, n_neighbors=10, weights=distance
[CV]  algorithm=kd_tree, leaf_size=20, n_neighbors=10, weights=distance, score=0.899, total= 6.2min
[CV] algorithm=kd_tree, leaf_size=50, n_neighbors=5, weights=distance
[CV]  algorithm=kd_tree, leaf_size=50, n_neighbors=5, weights=distance, score=0.902, total= 4.2min
[CV] algorithm=kd_tree, leaf_size=50, n_neighbors=50, weights=distance
[CV]  algorithm=kd_tree, leaf_size=50, n_neighbors=50, weights=distance, score=0.868, total= 4.5min
[CV] algorithm=kd_tree, leaf_size=60, n_neighbors=2, weights=distance
[CV]  algorithm=kd_tree, leaf_size=60, n_neighbors=2, weights=distance, score=0.901, total= 3.8min
[CV] algorithm=kd_tree, leaf_size=60, n_neighbors=50, weights=distance
[CV]  algorithm=kd_tree, leaf_size=60, n_neighbors=50, weights=distance, score=0.867, total= 4.5min
[CV] algorithm=kd_tree, leaf_size=70, n_neighbors=2, weights=distance
[CV]  algorithm=kd_tree, leaf_size=70, n_neighbors=2, weights=distance, score=0.900, total= 3.8min
[CV] algorithm=kd_tree, leaf_size=70, n_neighbors=50, weights=distance
[CV]  algorithm=kd_tree, leaf_size=70, n_neighbors=50, weights=distance, score=0.867, total= 4.5min
[CV] algorithm=kd_tree, leaf_size=80, n_neighbors=2, weights=distance
[CV]  algorithm=kd_tree, leaf_size=80, n_neighbors=2, weights=distance, score=0.906, total= 3.8min
[CV] algorithm=kd_tree, leaf_size=80, n_neighbors=50, weights=distance
[CV]  algorithm=kd_tree, leaf_size=80, n_neighbors=50, weights=distance, score=0.867, total= 4.5min
[CV] algorithm=ball_tree, leaf_size=10, n_neighbors=5, weights=distance
[CV]  algorithm=ball_tree, leaf_size=10, n_neighbors=5, weights=distance, score=0.902, total= 4.3min
[CV] algorithm=ball_tree, leaf_size=10, n_neighbors=10, weights=distance
[CV]  algorithm=ball_tree, leaf_size=10, n_neighbors=10, weights=distance, score=0.900, total= 4.7min
[CV] algorithm=ball_tree, leaf_size=20, n_neighbors=5, weights=distance
[CV]  algorithm=ball_tree, leaf_size=20, n_neighbors=5, weights=distance, score=0.896, total= 4.5min
[CV] algorithm=ball_tree, leaf_size=20, n_neighbors=10, weights=distance
[CV]  algorithm=ball_tree, leaf_size=20, n_neighbors=10, weights=distance, score=0.900, total= 4.5min
[CV] algorithm=ball_tree, leaf_size=50, n_neighbors=5, weights=distance
[CV]  algorithm=ball_tree, leaf_size=50, n_neighbors=5, weights=distance, score=0.896, total= 4.3min
[CV] algorithm=ball_tree, leaf_size=50, n_neighbors=10, weights=distance
[CV]  algorithm=ball_tree, leaf_size=50, n_neighbors=10, weights=distance, score=0.900, total= 4.4min
[CV] algorithm=ball_tree, leaf_size=60, n_neighbors=5, weights=distance
[CV]  algorithm=ball_tree, leaf_size=60, n_neighbors=5, weights=distance, score=0.896, total= 4.3min
[CV] algorithm=ball_tree, leaf_size=60, n_neighbors=10, weights=distance
[CV]  algorithm=ball_tree, leaf_size=60, n_neighbors=10, weights=distance, score=0.900, total= 4.4min
[CV] algorithm=ball_tree, leaf_size=70, n_neighbors=5, weights=distance
[CV]  algorithm=ball_tree, leaf_size=70, n_neighbors=5, weights=distance, score=0.896, total= 4.3min
[CV] algorithm=ball_tree, leaf_size=70, n_neighbors=10, weights=distance
[CV]  algorithm=ball_tree, leaf_size=70, n_neighbors=10, weights=distance, score=0.894, total= 4.4min
[CV] algorithm=ball_tree, leaf_size=80, n_neighbors=5, weights=distance
[CV]  algorithm=ball_tree, leaf_size=80, n_neighbors=5, weights=distance, score=0.894, total= 4.3min
[CV] algorithm=ball_tree, leaf_size=80, n_neighbors=10, weights=distance
[CV]  algorithm=ball_tree, leaf_size=80, n_neighbors=10, weights=distance, score=0.894, total= 4.4min
[CV] algorithm=kd_tree, leaf_size=10, n_neighbors=5, weights=distance
[CV]  algorithm=kd_tree, leaf_size=10, n_neighbors=5, weights=distance, score=0.894, total= 8.7min
[CV] algorithm=kd_tree, leaf_size=10, n_neighbors=50, weights=distance
[CV]  algorithm=kd_tree, leaf_size=10, n_neighbors=50, weights=distance, score=0.867, total= 9.5min
[CV] algorithm=kd_tree, leaf_size=20, n_neighbors=2, weights=distance
[CV]  algorithm=kd_tree, leaf_size=20, n_neighbors=2, weights=distance, score=0.896, total= 5.2min
[CV] algorithm=kd_tree, leaf_size=20, n_neighbors=50, weights=distance
[CV]  algorithm=kd_tree, leaf_size=20, n_neighbors=50, weights=distance, score=0.872, total= 6.4min
[CV] algorithm=kd_tree, leaf_size=50, n_neighbors=2, weights=distance
[CV]  algorithm=kd_tree, leaf_size=50, n_neighbors=2, weights=distance, score=0.903, total= 3.7min
[CV] algorithm=kd_tree, leaf_size=50, n_neighbors=10, weights=distance
[CV]  algorithm=kd_tree, leaf_size=50, n_neighbors=10, weights=distance, score=0.897, total= 4.3min
[CV] algorithm=kd_tree, leaf_size=60, n_neighbors=5, weights=distance
[CV]  algorithm=kd_tree, leaf_size=60, n_neighbors=5, weights=distance, score=0.897, total= 4.1min
[CV] algorithm=kd_tree, leaf_size=60, n_neighbors=10, weights=distance
[CV]  algorithm=kd_tree, leaf_size=60, n_neighbors=10, weights=distance, score=0.894, total= 4.3min
[CV] algorithm=kd_tree, leaf_size=70, n_neighbors=5, weights=distance
[CV]  algorithm=kd_tree, leaf_size=70, n_neighbors=5, weights=distance, score=0.897, total= 4.1min
[CV] algorithm=kd_tree, leaf_size=70, n_neighbors=10, weights=distance
[CV]  algorithm=kd_tree, leaf_size=70, n_neighbors=10, weights=distance, score=0.886, total= 4.3min
[CV] algorithm=kd_tree, leaf_size=80, n_neighbors=5, weights=distance
[CV]  algorithm=kd_tree, leaf_size=80, n_neighbors=5, weights=distance, score=0.896, total= 4.1min
[CV] algorithm=kd_tree, leaf_size=80, n_neighbors=50, weights=distance
[CV]  algorithm=kd_tree, leaf_size=80, n_neighbors=50, weights=distance, score=0.868, total= 4.4min
[CV] algorithm=ball_tree, leaf_size=10, n_neighbors=5, weights=distance
[CV]  algorithm=ball_tree, leaf_size=10, n_neighbors=5, weights=distance, score=0.894, total= 5.0min
[CV] algorithm=ball_tree, leaf_size=10, n_neighbors=50, weights=distance
[CV]  algorithm=ball_tree, leaf_size=10, n_neighbors=50, weights=distance, score=0.860, total= 4.8min
[CV] algorithm=ball_tree, leaf_size=20, n_neighbors=2, weights=distance
[CV]  algorithm=ball_tree, leaf_size=20, n_neighbors=2, weights=distance, score=0.901, total= 4.3min
[CV] algorithm=ball_tree, leaf_size=20, n_neighbors=50, weights=distance
[CV]  algorithm=ball_tree, leaf_size=20, n_neighbors=50, weights=distance, score=0.878, total= 4.6min
[CV] algorithm=ball_tree, leaf_size=50, n_neighbors=2, weights=distance
[CV]  algorithm=ball_tree, leaf_size=50, n_neighbors=2, weights=distance, score=0.901, total= 4.2min
[CV] algorithm=ball_tree, leaf_size=50, n_neighbors=50, weights=distance
[CV]  algorithm=ball_tree, leaf_size=50, n_neighbors=50, weights=distance, score=0.868, total= 4.4min
[CV] algorithm=ball_tree, leaf_size=60, n_neighbors=2, weights=distance
[CV]  algorithm=ball_tree, leaf_size=60, n_neighbors=2, weights=distance, score=0.901, total= 4.2min
[CV] algorithm=ball_tree, leaf_size=60, n_neighbors=50, weights=distance
[CV]  algorithm=ball_tree, leaf_size=60, n_neighbors=50, weights=distance, score=0.867, total= 4.4min
[CV] algorithm=ball_tree, leaf_size=70, n_neighbors=2, weights=distance
[CV]  algorithm=ball_tree, leaf_size=70, n_neighbors=2, weights=distance, score=0.896, total= 4.2min
[CV] algorithm=ball_tree, leaf_size=70, n_neighbors=50, weights=distance
[CV]  algorithm=ball_tree, leaf_size=70, n_neighbors=50, weights=distance, score=0.864, total= 4.4min
[CV] algorithm=ball_tree, leaf_size=80, n_neighbors=2, weights=distance
[CV]  algorithm=ball_tree, leaf_size=80, n_neighbors=2, weights=distance, score=0.903, total= 4.2min
[CV] algorithm=ball_tree, leaf_size=80, n_neighbors=10, weights=distance
[CV]  algorithm=ball_tree, leaf_size=80, n_neighbors=10, weights=distance, score=0.897, total= 4.4min
[CV] algorithm=kd_tree, leaf_size=10, n_neighbors=5, weights=distance
[CV]  algorithm=kd_tree, leaf_size=10, n_neighbors=5, weights=distance, score=0.902, total= 8.7min
[CV] algorithm=kd_tree, leaf_size=10, n_neighbors=50, weights=distance
[CV]  algorithm=kd_tree, leaf_size=10, n_neighbors=50, weights=distance, score=0.873, total= 9.5min
[CV] algorithm=kd_tree, leaf_size=20, n_neighbors=2, weights=distance
[CV]  algorithm=kd_tree, leaf_size=20, n_neighbors=2, weights=distance, score=0.908, total= 5.2min
[CV] algorithm=kd_tree, leaf_size=20, n_neighbors=50, weights=distance
[CV]  algorithm=kd_tree, leaf_size=20, n_neighbors=50, weights=distance, score=0.873, total= 6.5min
[CV] algorithm=kd_tree, leaf_size=50, n_neighbors=2, weights=distance
[CV]  algorithm=kd_tree, leaf_size=50, n_neighbors=2, weights=distance, score=0.908, total= 3.7min
[CV] algorithm=kd_tree, leaf_size=50, n_neighbors=50, weights=distance
[CV]  algorithm=kd_tree, leaf_size=50, n_neighbors=50, weights=distance, score=0.873, total= 4.5min
[CV] algorithm=kd_tree, leaf_size=60, n_neighbors=2, weights=distance
[CV]  algorithm=kd_tree, leaf_size=60, n_neighbors=2, weights=distance, score=0.908, total= 3.7min
[CV] algorithm=kd_tree, leaf_size=60, n_neighbors=50, weights=distance
[CV]  algorithm=kd_tree, leaf_size=60, n_neighbors=50, weights=distance, score=0.860, total= 4.5min
[CV] algorithm=kd_tree, leaf_size=70, n_neighbors=2, weights=distance
[CV]  algorithm=kd_tree, leaf_size=70, n_neighbors=2, weights=distance, score=0.907, total= 3.7min
[CV] algorithm=kd_tree, leaf_size=70, n_neighbors=10, weights=distance
[CV]  algorithm=kd_tree, leaf_size=70, n_neighbors=10, weights=distance, score=0.887, total= 4.3min
[CV] algorithm=kd_tree, leaf_size=80, n_neighbors=5, weights=distance
[CV]  algorithm=kd_tree, leaf_size=80, n_neighbors=5, weights=distance, score=0.896, total= 4.1min
[CV] algorithm=kd_tree, leaf_size=80, n_neighbors=50, weights=distance
[CV]  algorithm=kd_tree, leaf_size=80, n_neighbors=50, weights=distance, score=0.859, total= 4.4min
[CV] algorithm=ball_tree, leaf_size=10, n_neighbors=2, weights=distance
[CV]  algorithm=ball_tree, leaf_size=10, n_neighbors=2, weights=distance, score=0.900, total= 4.9min
[CV] algorithm=ball_tree, leaf_size=10, n_neighbors=50, weights=distance
[CV]  algorithm=ball_tree, leaf_size=10, n_neighbors=50, weights=distance, score=0.868, total= 4.9min
[CV] algorithm=ball_tree, leaf_size=20, n_neighbors=2, weights=distance
[CV]  algorithm=ball_tree, leaf_size=20, n_neighbors=2, weights=distance, score=0.907, total= 4.4min
[CV] algorithm=ball_tree, leaf_size=20, n_neighbors=50, weights=distance
[CV]  algorithm=ball_tree, leaf_size=20, n_neighbors=50, weights=distance, score=0.867, total= 4.6min
[CV] algorithm=ball_tree, leaf_size=50, n_neighbors=2, weights=distance
[CV]  algorithm=ball_tree, leaf_size=50, n_neighbors=2, weights=distance, score=0.901, total= 4.3min
[CV] algorithm=ball_tree, leaf_size=50, n_neighbors=50, weights=distance
[CV]  algorithm=ball_tree, leaf_size=50, n_neighbors=50, weights=distance, score=0.859, total= 4.4min
[CV] algorithm=ball_tree, leaf_size=60, n_neighbors=2, weights=distance
[CV]  algorithm=ball_tree, leaf_size=60, n_neighbors=2, weights=distance, score=0.902, total= 4.2min
[CV] algorithm=ball_tree, leaf_size=60, n_neighbors=50, weights=distance
[CV]  algorithm=ball_tree, leaf_size=60, n_neighbors=50, weights=distance, score=0.869, total= 4.4min
[CV] algorithm=ball_tree, leaf_size=70, n_neighbors=2, weights=distance
[CV]  algorithm=ball_tree, leaf_size=70, n_neighbors=2, weights=distance, score=0.902, total= 4.3min
[CV] algorithm=ball_tree, leaf_size=70, n_neighbors=50, weights=distance
[CV]  algorithm=ball_tree, leaf_size=70, n_neighbors=50, weights=distance, score=0.869, total= 4.4min
[CV] algorithm=ball_tree, leaf_size=80, n_neighbors=2, weights=distance
[CV]  algorithm=ball_tree, leaf_size=80, n_neighbors=2, weights=distance, score=0.902, total= 4.3min
[CV] algorithm=ball_tree, leaf_size=80, n_neighbors=50, weights=distance
[CV]  algorithm=ball_tree, leaf_size=80, n_neighbors=50, weights=distance, score=0.869, total= 4.4min
[CV] algorithm=kd_tree, leaf_size=10, n_neighbors=2, weights=distance
[CV]  algorithm=kd_tree, leaf_size=10, n_neighbors=2, weights=distance, score=0.908, total= 7.6min
[CV] algorithm=kd_tree, leaf_size=10, n_neighbors=10, weights=distance
[CV]  algorithm=kd_tree, leaf_size=10, n_neighbors=10, weights=distance, score=0.905, total= 9.2min
[CV] algorithm=kd_tree, leaf_size=20, n_neighbors=5, weights=distance
[CV]  algorithm=kd_tree, leaf_size=20, n_neighbors=5, weights=distance, score=0.902, total= 5.9min
[CV] algorithm=kd_tree, leaf_size=20, n_neighbors=10, weights=distance
[CV]  algorithm=kd_tree, leaf_size=20, n_neighbors=10, weights=distance, score=0.897, total= 6.2min
[CV] algorithm=kd_tree, leaf_size=50, n_neighbors=5, weights=distance
[CV]  algorithm=kd_tree, leaf_size=50, n_neighbors=5, weights=distance, score=0.896, total= 4.1min
[CV] algorithm=kd_tree, leaf_size=50, n_neighbors=10, weights=distance
[CV]  algorithm=kd_tree, leaf_size=50, n_neighbors=10, weights=distance, score=0.899, total= 4.3min
[CV] algorithm=kd_tree, leaf_size=60, n_neighbors=5, weights=distance
[CV]  algorithm=kd_tree, leaf_size=60, n_neighbors=5, weights=distance, score=0.899, total= 4.1min
[CV] algorithm=kd_tree, leaf_size=60, n_neighbors=50, weights=distance
[CV]  algorithm=kd_tree, leaf_size=60, n_neighbors=50, weights=distance, score=0.878, total= 4.5min
[CV] algorithm=kd_tree, leaf_size=70, n_neighbors=2, weights=distance
[CV]  algorithm=kd_tree, leaf_size=70, n_neighbors=2, weights=distance, score=0.906, total= 3.7min
[CV] algorithm=kd_tree, leaf_size=70, n_neighbors=10, weights=distance
[CV]  algorithm=kd_tree, leaf_size=70, n_neighbors=10, weights=distance, score=0.897, total= 4.3min
[CV] algorithm=kd_tree, leaf_size=80, n_neighbors=5, weights=distance
[CV]  algorithm=kd_tree, leaf_size=80, n_neighbors=5, weights=distance, score=0.902, total= 4.1min
[CV] algorithm=kd_tree, leaf_size=80, n_neighbors=50, weights=distance
[CV]  algorithm=kd_tree, leaf_size=80, n_neighbors=50, weights=distance, score=0.869, total= 4.4min
[CV] algorithm=ball_tree, leaf_size=10, n_neighbors=5, weights=distance
[CV]  algorithm=ball_tree, leaf_size=10, n_neighbors=5, weights=distance, score=0.896, total= 5.0min
[CV] algorithm=ball_tree, leaf_size=10, n_neighbors=50, weights=distance
[CV]  algorithm=ball_tree, leaf_size=10, n_neighbors=50, weights=distance, score=0.878, total= 4.9min
[CV] algorithm=ball_tree, leaf_size=20, n_neighbors=2, weights=distance
[CV]  algorithm=ball_tree, leaf_size=20, n_neighbors=2, weights=distance, score=0.908, total= 4.4min
[CV] algorithm=ball_tree, leaf_size=20, n_neighbors=50, weights=distance
[CV]  algorithm=ball_tree, leaf_size=20, n_neighbors=50, weights=distance, score=0.873, total= 4.6min
[CV] algorithm=ball_tree, leaf_size=50, n_neighbors=2, weights=distance
[CV]  algorithm=ball_tree, leaf_size=50, n_neighbors=2, weights=distance, score=0.908, total= 4.2min
[CV] algorithm=ball_tree, leaf_size=50, n_neighbors=50, weights=distance
[CV]  algorithm=ball_tree, leaf_size=50, n_neighbors=50, weights=distance, score=0.868, total= 4.4min
[CV] algorithm=ball_tree, leaf_size=60, n_neighbors=2, weights=distance
[CV]  algorithm=ball_tree, leaf_size=60, n_neighbors=2, weights=distance, score=0.908, total= 4.3min
[CV] algorithm=ball_tree, leaf_size=60, n_neighbors=50, weights=distance
[CV]  algorithm=ball_tree, leaf_size=60, n_neighbors=50, weights=distance, score=0.868, total= 4.4min
[CV] algorithm=ball_tree, leaf_size=70, n_neighbors=2, weights=distance
[CV]  algorithm=ball_tree, leaf_size=70, n_neighbors=2, weights=distance, score=0.908, total= 4.3min
[CV] algorithm=ball_tree, leaf_size=70, n_neighbors=50, weights=distance
[CV]  algorithm=ball_tree, leaf_size=70, n_neighbors=50, weights=distance, score=0.868, total= 4.4min
[CV] algorithm=ball_tree, leaf_size=80, n_neighbors=2, weights=distance
[CV]  algorithm=ball_tree, leaf_size=80, n_neighbors=2, weights=distance, score=0.908, total= 4.3min
[CV] algorithm=ball_tree, leaf_size=80, n_neighbors=50, weights=distance
[CV]  algorithm=ball_tree, leaf_size=80, n_neighbors=50, weights=distance, score=0.868, total= 4.4min
[CV] algorithm=kd_tree, leaf_size=10, n_neighbors=2, weights=distance
[CV]  algorithm=kd_tree, leaf_size=10, n_neighbors=2, weights=distance, score=0.902, total= 7.6min
[CV] algorithm=kd_tree, leaf_size=10, n_neighbors=10, weights=distance
[CV]  algorithm=kd_tree, leaf_size=10, n_neighbors=10, weights=distance, score=0.886, total= 9.2min
[CV] algorithm=kd_tree, leaf_size=20, n_neighbors=5, weights=distance
[CV]  algorithm=kd_tree, leaf_size=20, n_neighbors=5, weights=distance, score=0.899, total= 5.9min
[CV] algorithm=kd_tree, leaf_size=20, n_neighbors=10, weights=distance
[CV]  algorithm=kd_tree, leaf_size=20, n_neighbors=10, weights=distance, score=0.900, total= 6.2min
[CV] algorithm=kd_tree, leaf_size=50, n_neighbors=5, weights=distance
[CV]  algorithm=kd_tree, leaf_size=50, n_neighbors=5, weights=distance, score=0.896, total= 4.1min
[CV] algorithm=kd_tree, leaf_size=50, n_neighbors=10, weights=distance
[CV]  algorithm=kd_tree, leaf_size=50, n_neighbors=10, weights=distance, score=0.896, total= 4.4min
[CV] algorithm=kd_tree, leaf_size=60, n_neighbors=5, weights=distance
[CV]  algorithm=kd_tree, leaf_size=60, n_neighbors=5, weights=distance, score=0.894, total= 4.1min
[CV] algorithm=kd_tree, leaf_size=60, n_neighbors=50, weights=distance
[CV]  algorithm=kd_tree, leaf_size=60, n_neighbors=50, weights=distance, score=0.869, total= 4.5min
[CV] algorithm=kd_tree, leaf_size=70, n_neighbors=2, weights=distance
[CV]  algorithm=kd_tree, leaf_size=70, n_neighbors=2, weights=distance, score=0.902, total= 3.7min
[CV] algorithm=kd_tree, leaf_size=70, n_neighbors=10, weights=distance
[CV]  algorithm=kd_tree, leaf_size=70, n_neighbors=10, weights=distance, score=0.896, total= 4.3min
[CV] algorithm=kd_tree, leaf_size=80, n_neighbors=5, weights=distance
[CV]  algorithm=kd_tree, leaf_size=80, n_neighbors=5, weights=distance, score=0.892, total= 4.1min
[CV] algorithm=kd_tree, leaf_size=80, n_neighbors=50, weights=distance
[CV]  algorithm=kd_tree, leaf_size=80, n_neighbors=50, weights=distance, score=0.878, total= 4.4min
[CV] algorithm=ball_tree, leaf_size=10, n_neighbors=5, weights=distance
[CV]  algorithm=ball_tree, leaf_size=10, n_neighbors=5, weights=distance, score=0.902, total= 5.0min
[CV] algorithm=ball_tree, leaf_size=10, n_neighbors=50, weights=distance
[CV]  algorithm=ball_tree, leaf_size=10, n_neighbors=50, weights=distance, score=0.859, total= 4.8min
[CV] algorithm=ball_tree, leaf_size=20, n_neighbors=2, weights=distance
[CV]  algorithm=ball_tree, leaf_size=20, n_neighbors=2, weights=distance, score=0.900, total= 4.3min
[CV] algorithm=ball_tree, leaf_size=20, n_neighbors=50, weights=distance
[CV]  algorithm=ball_tree, leaf_size=20, n_neighbors=50, weights=distance, score=0.859, total= 4.6min
[CV] algorithm=ball_tree, leaf_size=50, n_neighbors=2, weights=distance
[CV]  algorithm=ball_tree, leaf_size=50, n_neighbors=2, weights=distance, score=0.907, total= 4.2min
[CV] algorithm=ball_tree, leaf_size=50, n_neighbors=50, weights=distance
[CV]  algorithm=ball_tree, leaf_size=50, n_neighbors=50, weights=distance, score=0.867, total= 4.4min
[CV] algorithm=ball_tree, leaf_size=60, n_neighbors=2, weights=distance
[CV]  algorithm=ball_tree, leaf_size=60, n_neighbors=2, weights=distance, score=0.907, total= 4.3min
[CV] algorithm=ball_tree, leaf_size=60, n_neighbors=50, weights=distance
[CV]  algorithm=ball_tree, leaf_size=60, n_neighbors=50, weights=distance, score=0.878, total= 4.4min
[CV] algorithm=ball_tree, leaf_size=70, n_neighbors=2, weights=distance
[CV]  algorithm=ball_tree, leaf_size=70, n_neighbors=2, weights=distance, score=0.906, total= 4.2min
[CV] algorithm=ball_tree, leaf_size=70, n_neighbors=50, weights=distance
[CV]  algorithm=ball_tree, leaf_size=70, n_neighbors=50, weights=distance, score=0.878, total= 4.4min
[CV] algorithm=ball_tree, leaf_size=80, n_neighbors=2, weights=distance
[CV]  algorithm=ball_tree, leaf_size=80, n_neighbors=2, weights=distance, score=0.906, total= 4.3min
[CV] algorithm=ball_tree, leaf_size=80, n_neighbors=50, weights=distance
[CV]  algorithm=ball_tree, leaf_size=80, n_neighbors=50, weights=distance, score=0.860, total= 4.4min
[CV] algorithm=kd_tree, leaf_size=10, n_neighbors=2, weights=distance
[CV]  algorithm=kd_tree, leaf_size=10, n_neighbors=2, weights=distance, score=0.901, total= 7.7min
[CV] algorithm=kd_tree, leaf_size=10, n_neighbors=10, weights=distance
[CV]  algorithm=kd_tree, leaf_size=10, n_neighbors=10, weights=distance, score=0.897, total= 9.1min
[CV] algorithm=kd_tree, leaf_size=20, n_neighbors=5, weights=distance
[CV]  algorithm=kd_tree, leaf_size=20, n_neighbors=5, weights=distance, score=0.894, total= 5.9min
[CV] algorithm=kd_tree, leaf_size=20, n_neighbors=10, weights=distance
[CV]  algorithm=kd_tree, leaf_size=20, n_neighbors=10, weights=distance, score=0.897, total= 6.2min
[CV] algorithm=kd_tree, leaf_size=50, n_neighbors=5, weights=distance
[CV]  algorithm=kd_tree, leaf_size=50, n_neighbors=5, weights=distance, score=0.897, total= 4.1min
[CV] algorithm=kd_tree, leaf_size=50, n_neighbors=10, weights=distance
[CV]  algorithm=kd_tree, leaf_size=50, n_neighbors=10, weights=distance, score=0.887, total= 4.4min
[CV] algorithm=kd_tree, leaf_size=60, n_neighbors=5, weights=distance
[CV]  algorithm=kd_tree, leaf_size=60, n_neighbors=5, weights=distance, score=0.896, total= 4.2min
[CV] algorithm=kd_tree, leaf_size=60, n_neighbors=50, weights=distance
[CV]  algorithm=kd_tree, leaf_size=60, n_neighbors=50, weights=distance, score=0.859, total= 4.5min
[CV] algorithm=kd_tree, leaf_size=70, n_neighbors=2, weights=distance
[CV]  algorithm=kd_tree, leaf_size=70, n_neighbors=2, weights=distance, score=0.901, total= 3.7min
[CV] algorithm=kd_tree, leaf_size=70, n_neighbors=10, weights=distance
[CV]  algorithm=kd_tree, leaf_size=70, n_neighbors=10, weights=distance, score=0.899, total= 4.3min
[CV] algorithm=kd_tree, leaf_size=80, n_neighbors=5, weights=distance
[CV]  algorithm=kd_tree, leaf_size=80, n_neighbors=5, weights=distance, score=0.902, total= 4.1min
[CV] algorithm=kd_tree, leaf_size=80, n_neighbors=50, weights=distance
[CV]  algorithm=kd_tree, leaf_size=80, n_neighbors=50, weights=distance, score=0.868, total= 4.4min
[CV] algorithm=ball_tree, leaf_size=10, n_neighbors=5, weights=distance
[CV]  algorithm=ball_tree, leaf_size=10, n_neighbors=5, weights=distance, score=0.899, total= 5.1min
[CV] algorithm=ball_tree, leaf_size=10, n_neighbors=50, weights=distance
[CV]  algorithm=ball_tree, leaf_size=10, n_neighbors=50, weights=distance, score=0.869, total= 4.8min
[CV] algorithm=ball_tree, leaf_size=20, n_neighbors=2, weights=distance
[CV]  algorithm=ball_tree, leaf_size=20, n_neighbors=2, weights=distance, score=0.906, total= 4.3min
[CV] algorithm=ball_tree, leaf_size=20, n_neighbors=50, weights=distance
[CV]  algorithm=ball_tree, leaf_size=20, n_neighbors=50, weights=distance, score=0.860, total= 4.6min
[CV] algorithm=ball_tree, leaf_size=50, n_neighbors=2, weights=distance
[CV]  algorithm=ball_tree, leaf_size=50, n_neighbors=2, weights=distance, score=0.906, total= 4.2min
[CV] algorithm=ball_tree, leaf_size=50, n_neighbors=50, weights=distance
[CV]  algorithm=ball_tree, leaf_size=50, n_neighbors=50, weights=distance, score=0.860, total= 4.4min
[CV] algorithm=ball_tree, leaf_size=60, n_neighbors=2, weights=distance
[CV]  algorithm=ball_tree, leaf_size=60, n_neighbors=2, weights=distance, score=0.900, total= 4.2min
[CV] algorithm=ball_tree, leaf_size=60, n_neighbors=50, weights=distance
[CV]  algorithm=ball_tree, leaf_size=60, n_neighbors=50, weights=distance, score=0.868, total= 4.4min
[CV] algorithm=ball_tree, leaf_size=70, n_neighbors=2, weights=distance
[CV]  algorithm=ball_tree, leaf_size=70, n_neighbors=2, weights=distance, score=0.901, total= 4.2min
[CV] algorithm=ball_tree, leaf_size=70, n_neighbors=10, weights=distance
[CV]  algorithm=ball_tree, leaf_size=70, n_neighbors=10, weights=distance, score=0.899, total= 4.4min
[CV] algorithm=ball_tree, leaf_size=80, n_neighbors=5, weights=distance
[CV]  algorithm=ball_tree, leaf_size=80, n_neighbors=5, weights=distance, score=0.902, total= 4.3min
[CV] algorithm=ball_tree, leaf_size=80, n_neighbors=50, weights=distance
[CV]  algorithm=ball_tree, leaf_size=80, n_neighbors=50, weights=distance, score=0.867, total= 4.4min
[CV] algorithm=kd_tree, leaf_size=10, n_neighbors=2, weights=distance
[CV]  algorithm=kd_tree, leaf_size=10, n_neighbors=2, weights=distance, score=0.907, total= 7.7min
[CV] algorithm=kd_tree, leaf_size=10, n_neighbors=10, weights=distance
[CV]  algorithm=kd_tree, leaf_size=10, n_neighbors=10, weights=distance, score=0.897, total= 9.2min
[CV] algorithm=kd_tree, leaf_size=20, n_neighbors=5, weights=distance
[CV]  algorithm=kd_tree, leaf_size=20, n_neighbors=5, weights=distance, score=0.897, total= 5.9min
[CV] algorithm=kd_tree, leaf_size=20, n_neighbors=10, weights=distance
[CV]  algorithm=kd_tree, leaf_size=20, n_neighbors=10, weights=distance, score=0.894, total= 6.2min
[CV] algorithm=kd_tree, leaf_size=50, n_neighbors=5, weights=distance
[CV]  algorithm=kd_tree, leaf_size=50, n_neighbors=5, weights=distance, score=0.894, total= 4.1min
[CV] algorithm=kd_tree, leaf_size=50, n_neighbors=10, weights=distance
[CV]  algorithm=kd_tree, leaf_size=50, n_neighbors=10, weights=distance, score=0.886, total= 4.4min
[CV] algorithm=kd_tree, leaf_size=60, n_neighbors=5, weights=distance
[CV]  algorithm=kd_tree, leaf_size=60, n_neighbors=5, weights=distance, score=0.902, total= 4.2min
[CV] algorithm=kd_tree, leaf_size=60, n_neighbors=50, weights=distance
[CV]  algorithm=kd_tree, leaf_size=60, n_neighbors=50, weights=distance, score=0.868, total= 4.5min
[CV] algorithm=kd_tree, leaf_size=70, n_neighbors=2, weights=distance
[CV]  algorithm=kd_tree, leaf_size=70, n_neighbors=2, weights=distance, score=0.908, total= 3.7min
[CV] algorithm=kd_tree, leaf_size=70, n_neighbors=10, weights=distance
[CV]  algorithm=kd_tree, leaf_size=70, n_neighbors=10, weights=distance, score=0.905, total= 4.4min
[CV] algorithm=kd_tree, leaf_size=80, n_neighbors=5, weights=distance
[CV]  algorithm=kd_tree, leaf_size=80, n_neighbors=5, weights=distance, score=0.899, total= 4.1min
[CV] algorithm=kd_tree, leaf_size=80, n_neighbors=50, weights=distance
[CV]  algorithm=kd_tree, leaf_size=80, n_neighbors=50, weights=distance, score=0.860, total= 4.5min
[CV] algorithm=ball_tree, leaf_size=10, n_neighbors=2, weights=distance
[CV]  algorithm=ball_tree, leaf_size=10, n_neighbors=2, weights=distance, score=0.903, total= 4.2min
[CV] algorithm=ball_tree, leaf_size=10, n_neighbors=10, weights=distance
[CV]  algorithm=ball_tree, leaf_size=10, n_neighbors=10, weights=distance, score=0.900, total= 4.7min
[CV] algorithm=ball_tree, leaf_size=20, n_neighbors=5, weights=distance
[CV]  algorithm=ball_tree, leaf_size=20, n_neighbors=5, weights=distance, score=0.901, total= 4.5min
[CV] algorithm=ball_tree, leaf_size=20, n_neighbors=10, weights=distance
[CV]  algorithm=ball_tree, leaf_size=20, n_neighbors=10, weights=distance, score=0.900, total= 4.5min
[CV] algorithm=ball_tree, leaf_size=50, n_neighbors=5, weights=distance
[CV]  algorithm=ball_tree, leaf_size=50, n_neighbors=5, weights=distance, score=0.901, total= 4.3min
[CV] algorithm=ball_tree, leaf_size=50, n_neighbors=10, weights=distance
[CV]  algorithm=ball_tree, leaf_size=50, n_neighbors=10, weights=distance, score=0.900, total= 4.3min
[CV] algorithm=ball_tree, leaf_size=60, n_neighbors=5, weights=distance
[CV]  algorithm=ball_tree, leaf_size=60, n_neighbors=5, weights=distance, score=0.901, total= 4.3min
[CV] algorithm=ball_tree, leaf_size=60, n_neighbors=10, weights=distance
[CV]  algorithm=ball_tree, leaf_size=60, n_neighbors=10, weights=distance, score=0.900, total= 4.4min
[CV] algorithm=ball_tree, leaf_size=70, n_neighbors=5, weights=distance
[CV]  algorithm=ball_tree, leaf_size=70, n_neighbors=5, weights=distance, score=0.901, total= 4.3min
[CV] algorithm=ball_tree, leaf_size=70, n_neighbors=10, weights=distance
[CV]  algorithm=ball_tree, leaf_size=70, n_neighbors=10, weights=distance, score=0.900, total= 4.4min
[CV] algorithm=ball_tree, leaf_size=80, n_neighbors=5, weights=distance
[CV]  algorithm=ball_tree, leaf_size=80, n_neighbors=5, weights=distance, score=0.901, total= 4.3min
[CV] algorithm=ball_tree, leaf_size=80, n_neighbors=10, weights=distance
[CV]  algorithm=ball_tree, leaf_size=80, n_neighbors=10, weights=distance, score=0.900, total= 4.4min
[CV] algorithm=kd_tree, leaf_size=10, n_neighbors=5, weights=distance
[CV]  algorithm=kd_tree, leaf_size=10, n_neighbors=5, weights=distance, score=0.901, total= 8.8min
[CV] algorithm=kd_tree, leaf_size=10, n_neighbors=50, weights=distance
[CV]  algorithm=kd_tree, leaf_size=10, n_neighbors=50, weights=distance, score=0.864, total= 9.6min
[CV] algorithm=kd_tree, leaf_size=20, n_neighbors=2, weights=distance
[CV]  algorithm=kd_tree, leaf_size=20, n_neighbors=2, weights=distance, score=0.901, total= 5.3min
[CV] algorithm=kd_tree, leaf_size=20, n_neighbors=50, weights=distance
[CV]  algorithm=kd_tree, leaf_size=20, n_neighbors=50, weights=distance, score=0.868, total= 6.5min
[CV] algorithm=kd_tree, leaf_size=50, n_neighbors=2, weights=distance
[CV]  algorithm=kd_tree, leaf_size=50, n_neighbors=2, weights=distance, score=0.907, total= 3.8min
[CV] algorithm=kd_tree, leaf_size=50, n_neighbors=50, weights=distance
[CV]  algorithm=kd_tree, leaf_size=50, n_neighbors=50, weights=distance, score=0.867, total= 4.5min
[CV] algorithm=kd_tree, leaf_size=60, n_neighbors=2, weights=distance
[CV]  algorithm=kd_tree, leaf_size=60, n_neighbors=2, weights=distance, score=0.901, total= 3.8min
[CV] algorithm=kd_tree, leaf_size=60, n_neighbors=50, weights=distance
[CV]  algorithm=kd_tree, leaf_size=60, n_neighbors=50, weights=distance, score=0.872, total= 4.5min
[CV] algorithm=kd_tree, leaf_size=70, n_neighbors=2, weights=distance
[CV]  algorithm=kd_tree, leaf_size=70, n_neighbors=2, weights=distance, score=0.896, total= 3.8min
[CV] algorithm=kd_tree, leaf_size=70, n_neighbors=10, weights=distance
[CV]  algorithm=kd_tree, leaf_size=70, n_neighbors=10, weights=distance, score=0.900, total= 4.4min
[CV] algorithm=kd_tree, leaf_size=80, n_neighbors=5, weights=distance
[CV]  algorithm=kd_tree, leaf_size=80, n_neighbors=5, weights=distance, score=0.894, total= 4.2min
[CV] algorithm=kd_tree, leaf_size=80, n_neighbors=50, weights=distance
[CV]  algorithm=kd_tree, leaf_size=80, n_neighbors=50, weights=distance, score=0.873, total= 4.4min
[Parallel(n_jobs=-1)]: Done  88 tasks      | elapsed: 22.5min
[Parallel(n_jobs=-1)]: Done 248 tasks      | elapsed: 61.1min
[Parallel(n_jobs=-1)]: Done 480 out of 480 | elapsed: 116.2min finished
score :  1.0
{'algorithm': 'ball_tree', 'leaf_size': 10, 'n_neighbors': 2, 'weights': 'distance'}
Predicting...
End computation
