Loading data...
Fitting model...
Fitting 10 folds for each of 4 candidates, totalling 40 fits
[CV 1/10] END criterion=entropy, max_depth=20, max_features=0.15, min_weight_fraction_leaf=0.0, n_estimators=100;, score=0.902 total time=15.1min
[CV 1/10] END criterion=entropy, max_depth=20, max_features=0.5, min_weight_fraction_leaf=0.0, n_estimators=100;, score=0.907 total time=47.0min
[CV 1/10] END criterion=entropy, max_depth=20, max_features=0.2, min_weight_fraction_leaf=0.0, n_estimators=100;, score=0.903 total time=19.8min
[CV 8/10] END criterion=entropy, max_depth=20, max_features=0.15, min_weight_fraction_leaf=0.0, n_estimators=100;, score=0.903 total time=15.1min
[CV 2/10] END criterion=entropy, max_depth=20, max_features=0.5, min_weight_fraction_leaf=0.0, n_estimators=100;, score=0.914 total time=47.5min
[CV 2/10] END criterion=entropy, max_depth=20, max_features=0.2, min_weight_fraction_leaf=0.0, n_estimators=100;, score=0.905 total time=19.7min
[CV 6/10] END criterion=entropy, max_depth=20, max_features=0.15, min_weight_fraction_leaf=0.0, n_estimators=100;, score=0.895 total time=15.3min
[CV 7/10] END criterion=entropy, max_depth=20, max_features=0.5, min_weight_fraction_leaf=0.0, n_estimators=100;, score=0.918 total time=47.4min
[CV 3/10] END criterion=entropy, max_depth=20, max_features=0.2, min_weight_fraction_leaf=0.0, n_estimators=100;, score=0.900 total time=19.8min
[CV 7/10] END criterion=entropy, max_depth=20, max_features=0.15, min_weight_fraction_leaf=0.0, n_estimators=100;, score=0.907 total time=15.2min
[CV 6/10] END criterion=entropy, max_depth=20, max_features=0.5, min_weight_fraction_leaf=0.0, n_estimators=100;, score=0.904 total time=47.5min
[CV 4/10] END criterion=entropy, max_depth=20, max_features=0.2, min_weight_fraction_leaf=0.0, n_estimators=100;, score=0.904 total time=19.8min
[CV 3/10] END criterion=entropy, max_depth=20, max_features=0.15, min_weight_fraction_leaf=0.0, n_estimators=100;, score=0.898 total time=15.2min
[CV 3/10] END criterion=entropy, max_depth=20, max_features=0.5, min_weight_fraction_leaf=0.0, n_estimators=100;, score=0.907 total time=47.6min
[CV 5/10] END criterion=entropy, max_depth=20, max_features=0.2, min_weight_fraction_leaf=0.0, n_estimators=100;, score=0.906 total time=19.9min
[CV 10/10] END criterion=entropy, max_depth=20, max_features=0.15, min_weight_fraction_leaf=0.0, n_estimators=100;, score=0.905 total time=15.2min
[CV 5/10] END criterion=entropy, max_depth=20, max_features=0.5, min_weight_fraction_leaf=0.0, n_estimators=100;, score=0.912 total time=47.6min
[CV 6/10] END criterion=entropy, max_depth=20, max_features=0.2, min_weight_fraction_leaf=0.0, n_estimators=100;, score=0.899 total time=19.9min
[CV 5/10] END criterion=entropy, max_depth=20, max_features=0.15, min_weight_fraction_leaf=0.0, n_estimators=100;, score=0.903 total time=15.3min
[CV 8/10] END criterion=entropy, max_depth=20, max_features=0.5, min_weight_fraction_leaf=0.0, n_estimators=100;, score=0.912 total time=47.6min
[CV 7/10] END criterion=entropy, max_depth=20, max_features=0.2, min_weight_fraction_leaf=0.0, n_estimators=100;, score=0.909 total time=19.9min
[CV 4/10] END criterion=entropy, max_depth=20, max_features=0.15, min_weight_fraction_leaf=0.0, n_estimators=100;, score=0.902 total time=15.2min
[CV 4/10] END criterion=entropy, max_depth=20, max_features=0.5, min_weight_fraction_leaf=0.0, n_estimators=100;, score=0.907 total time=47.7min
[CV 8/10] END criterion=entropy, max_depth=20, max_features=0.2, min_weight_fraction_leaf=0.0, n_estimators=100;, score=0.905 total time=20.0min
[CV 2/10] END criterion=entropy, max_depth=20, max_features=0.15, min_weight_fraction_leaf=0.0, n_estimators=100;, score=0.901 total time=15.4min
[CV 9/10] END criterion=entropy, max_depth=20, max_features=0.5, min_weight_fraction_leaf=0.0, n_estimators=100;, score=0.909 total time=47.8min
[CV 9/10] END criterion=entropy, max_depth=20, max_features=0.2, min_weight_fraction_leaf=0.0, n_estimators=100;, score=0.905 total time=20.0min
[CV 9/10] END criterion=entropy, max_depth=20, max_features=0.15, min_weight_fraction_leaf=0.0, n_estimators=100;, score=0.903 total time=15.4min
[CV 10/10] END criterion=entropy, max_depth=20, max_features=0.5, min_weight_fraction_leaf=0.0, n_estimators=100;, score=0.912 total time=48.1min
[CV 10/10] END criterion=entropy, max_depth=20, max_features=0.2, min_weight_fraction_leaf=0.0, n_estimators=100;, score=0.910 total time=20.1min
[CV 9/10] END criterion=entropy, max_depth=20, max_features=1.0, min_weight_fraction_leaf=0.0, n_estimators=100;, score=0.908 total time=92.0min
[CV 10/10] END criterion=entropy, max_depth=20, max_features=1.0, min_weight_fraction_leaf=0.0, n_estimators=100;, score=0.912 total time=92.6min
[CV 4/10] END criterion=entropy, max_depth=20, max_features=1.0, min_weight_fraction_leaf=0.0, n_estimators=100;, score=0.911 total time=92.8min
[CV 5/10] END criterion=entropy, max_depth=20, max_features=1.0, min_weight_fraction_leaf=0.0, n_estimators=100;, score=0.911 total time=92.8min
[CV 3/10] END criterion=entropy, max_depth=20, max_features=1.0, min_weight_fraction_leaf=0.0, n_estimators=100;, score=0.907 total time=93.0min
[CV 8/10] END criterion=entropy, max_depth=20, max_features=1.0, min_weight_fraction_leaf=0.0, n_estimators=100;, score=0.916 total time=93.1min
[CV 7/10] END criterion=entropy, max_depth=20, max_features=1.0, min_weight_fraction_leaf=0.0, n_estimators=100;, score=0.915 total time=93.3min
[CV 6/10] END criterion=entropy, max_depth=20, max_features=1.0, min_weight_fraction_leaf=0.0, n_estimators=100;, score=0.909 total time=93.3min
[CV 2/10] END criterion=entropy, max_depth=20, max_features=1.0, min_weight_fraction_leaf=0.0, n_estimators=100;, score=0.911 total time=93.5min
[CV 1/10] END criterion=entropy, max_depth=20, max_features=1.0, min_weight_fraction_leaf=0.0, n_estimators=100;, score=0.909 total time=95.6min
score :  0.9997929138898302
{'criterion': 'entropy', 'max_depth': 20, 'max_features': 1.0, 'min_weight_fraction_leaf': 0.0, 'n_estimators': 100}
Predicting...
