Loading data...
Fitting model...
Fitting 10 folds for each of 24 candidates, totalling 240 fits
score :  0.9964983621371286
{'activation': 'logistic', 'alpha': 0.01, 'learning_rate': 'adaptive'}
Predicting...
[CV] activation=identity, alpha=0.0001, learning_rate=constant .......
[CV]  activation=identity, alpha=0.0001, learning_rate=constant, score=0.840, total= 3.0min
[CV] activation=identity, alpha=0.01, learning_rate=constant .........
[CV]  activation=identity, alpha=0.01, learning_rate=constant, score=0.831, total= 3.2min
[CV] activation=logistic, alpha=0.0001, learning_rate=constant .......
[CV]  activation=logistic, alpha=0.0001, learning_rate=constant, score=0.943, total= 1.8min
[CV] activation=logistic, alpha=0.01, learning_rate=constant .........
[CV]  activation=logistic, alpha=0.01, learning_rate=constant, score=0.952, total= 2.6min
[CV] activation=relu, alpha=0.0001, learning_rate=constant ...........
[CV]  activation=relu, alpha=0.0001, learning_rate=constant, score=0.933, total= 1.4min
[CV] activation=relu, alpha=0.0001, learning_rate=invscaling .........
[CV]  activation=relu, alpha=0.0001, learning_rate=invscaling, score=0.937, total= 1.3min
[CV] activation=relu, alpha=0.01, learning_rate=invscaling ...........
[CV]  activation=relu, alpha=0.01, learning_rate=invscaling, score=0.944, total= 1.3min
[CV] activation=tanh, alpha=0.0001, learning_rate=invscaling .........
[CV]  activation=tanh, alpha=0.0001, learning_rate=invscaling, score=0.938, total= 1.5min
[CV] activation=identity, alpha=0.0001, learning_rate=invscaling .....
[CV]  activation=identity, alpha=0.0001, learning_rate=invscaling, score=0.836, total= 3.6min
[CV] activation=identity, alpha=0.01, learning_rate=invscaling .......
[CV]  activation=identity, alpha=0.01, learning_rate=invscaling, score=0.850, total= 3.0min
[CV] activation=logistic, alpha=0.0001, learning_rate=adaptive .......
[CV]  activation=logistic, alpha=0.0001, learning_rate=adaptive, score=0.933, total= 1.9min
[CV] activation=logistic, alpha=0.01, learning_rate=adaptive .........
[CV]  activation=logistic, alpha=0.01, learning_rate=adaptive, score=0.936, total= 2.2min
[CV] activation=relu, alpha=0.0001, learning_rate=constant ...........
[CV]  activation=relu, alpha=0.0001, learning_rate=constant, score=0.938, total= 1.5min
[CV] activation=relu, alpha=0.0001, learning_rate=invscaling .........
[CV]  activation=relu, alpha=0.0001, learning_rate=invscaling, score=0.937, total= 1.6min
[CV] activation=tanh, alpha=0.0001, learning_rate=constant ...........
[CV]  activation=tanh, alpha=0.0001, learning_rate=constant, score=0.942, total= 1.0min
[CV] activation=tanh, alpha=0.0001, learning_rate=invscaling .........
[CV]  activation=tanh, alpha=0.0001, learning_rate=invscaling, score=0.941, total= 1.5min
[CV] activation=identity, alpha=0.0001, learning_rate=adaptive .......
[CV]  activation=identity, alpha=0.0001, learning_rate=adaptive, score=0.848, total= 3.1min
[CV] activation=identity, alpha=0.01, learning_rate=adaptive .........
[CV]  activation=identity, alpha=0.01, learning_rate=adaptive, score=0.854, total= 3.7min
[CV] activation=logistic, alpha=0.0001, learning_rate=adaptive .......
[CV]  activation=logistic, alpha=0.0001, learning_rate=adaptive, score=0.938, total= 1.9min
[CV] activation=logistic, alpha=0.01, learning_rate=adaptive .........
[CV]  activation=logistic, alpha=0.01, learning_rate=adaptive, score=0.933, total= 2.5min
[CV] activation=relu, alpha=0.0001, learning_rate=constant ...........
[CV]  activation=relu, alpha=0.0001, learning_rate=constant, score=0.945, total= 1.5min
[CV] activation=relu, alpha=0.01, learning_rate=constant .............
[CV]  activation=relu, alpha=0.01, learning_rate=constant, score=0.941, total= 1.0min
[CV] activation=tanh, alpha=0.0001, learning_rate=constant ...........
[CV]  activation=tanh, alpha=0.0001, learning_rate=constant, score=0.937, total= 1.2min
[CV] activation=tanh, alpha=0.0001, learning_rate=invscaling .........
[CV]  activation=tanh, alpha=0.0001, learning_rate=invscaling, score=0.937, total= 1.5min
[CV] activation=identity, alpha=0.0001, learning_rate=adaptive .......
[CV]  activation=identity, alpha=0.0001, learning_rate=adaptive, score=0.844, total= 4.1min
[CV] activation=identity, alpha=0.01, learning_rate=invscaling .......
[CV]  activation=identity, alpha=0.01, learning_rate=invscaling, score=0.842, total= 3.1min
[CV] activation=logistic, alpha=0.0001, learning_rate=adaptive .......
[CV]  activation=logistic, alpha=0.0001, learning_rate=adaptive, score=0.944, total= 1.6min
[CV] activation=logistic, alpha=0.01, learning_rate=adaptive .........
[CV]  activation=logistic, alpha=0.01, learning_rate=adaptive, score=0.941, total= 2.5min
[CV] activation=relu, alpha=0.0001, learning_rate=adaptive ...........
[CV]  activation=relu, alpha=0.0001, learning_rate=adaptive, score=0.942, total= 1.2min
[CV] activation=relu, alpha=0.01, learning_rate=constant .............
[CV]  activation=relu, alpha=0.01, learning_rate=constant, score=0.924, total=  57.8s
[CV] activation=relu, alpha=0.01, learning_rate=invscaling ...........
[CV]  activation=relu, alpha=0.01, learning_rate=invscaling, score=0.922, total=  49.5s
[CV] activation=tanh, alpha=0.0001, learning_rate=adaptive ...........
[CV]  activation=tanh, alpha=0.0001, learning_rate=adaptive, score=0.943, total= 1.1min
[CV] activation=tanh, alpha=0.01, learning_rate=constant .............
[CV]  activation=tanh, alpha=0.01, learning_rate=constant, score=0.942, total= 1.1min
[CV] activation=identity, alpha=0.0001, learning_rate=invscaling .....
[CV]  activation=identity, alpha=0.0001, learning_rate=invscaling, score=0.843, total= 2.3min
[CV] activation=identity, alpha=0.01, learning_rate=constant .........
[CV]  activation=identity, alpha=0.01, learning_rate=constant, score=0.850, total= 3.1min
[CV] activation=identity, alpha=0.01, learning_rate=invscaling .......
[CV]  activation=identity, alpha=0.01, learning_rate=invscaling, score=0.840, total= 2.4min
[CV] activation=logistic, alpha=0.0001, learning_rate=invscaling .....
[CV]  activation=logistic, alpha=0.0001, learning_rate=invscaling, score=0.938, total= 1.6min
[CV] activation=logistic, alpha=0.01, learning_rate=invscaling .......
[CV]  activation=logistic, alpha=0.01, learning_rate=invscaling, score=0.932, total= 2.8min
[CV] activation=relu, alpha=0.0001, learning_rate=invscaling .........
[CV]  activation=relu, alpha=0.0001, learning_rate=invscaling, score=0.932, total= 1.3min
[CV] activation=tanh, alpha=0.0001, learning_rate=constant ...........
[CV]  activation=tanh, alpha=0.0001, learning_rate=constant, score=0.928, total= 1.3min
[CV] activation=tanh, alpha=0.0001, learning_rate=invscaling .........
[CV]  activation=tanh, alpha=0.0001, learning_rate=invscaling, score=0.943, total= 1.4min
[CV] activation=identity, alpha=0.0001, learning_rate=adaptive .......
[CV]  activation=identity, alpha=0.0001, learning_rate=adaptive, score=0.844, total= 2.8min
[CV] activation=identity, alpha=0.01, learning_rate=constant .........
[CV]  activation=identity, alpha=0.01, learning_rate=constant, score=0.844, total= 3.5min
[CV] activation=logistic, alpha=0.0001, learning_rate=constant .......
[CV]  activation=logistic, alpha=0.0001, learning_rate=constant, score=0.944, total= 1.8min
[CV] activation=logistic, alpha=0.01, learning_rate=constant .........
[CV]  activation=logistic, alpha=0.01, learning_rate=constant, score=0.936, total= 2.6min
[CV] activation=relu, alpha=0.0001, learning_rate=constant ...........
[CV]  activation=relu, alpha=0.0001, learning_rate=constant, score=0.926, total= 1.3min
[CV] activation=relu, alpha=0.0001, learning_rate=invscaling .........
[CV]  activation=relu, alpha=0.0001, learning_rate=invscaling, score=0.941, total= 1.4min
[CV] activation=relu, alpha=0.01, learning_rate=invscaling ...........
[CV]  activation=relu, alpha=0.01, learning_rate=invscaling, score=0.933, total=  59.0s
[CV] activation=tanh, alpha=0.0001, learning_rate=invscaling .........
[CV]  activation=tanh, alpha=0.0001, learning_rate=invscaling, score=0.936, total= 1.1min
[CV] activation=tanh, alpha=0.01, learning_rate=adaptive .............
[CV]  activation=tanh, alpha=0.01, learning_rate=adaptive, score=0.947, total= 1.1min
[CV] activation=identity, alpha=0.0001, learning_rate=adaptive .......
[CV]  activation=identity, alpha=0.0001, learning_rate=adaptive, score=0.844, total= 3.8min
[CV] activation=identity, alpha=0.01, learning_rate=invscaling .......
[CV]  activation=identity, alpha=0.01, learning_rate=invscaling, score=0.846, total= 3.7min
[CV] activation=logistic, alpha=0.0001, learning_rate=invscaling .....
[CV]  activation=logistic, alpha=0.0001, learning_rate=invscaling, score=0.946, total= 1.8min
[CV] activation=logistic, alpha=0.01, learning_rate=adaptive .........
[CV]  activation=logistic, alpha=0.01, learning_rate=adaptive, score=0.952, total= 2.2min
[CV] activation=relu, alpha=0.0001, learning_rate=adaptive ...........
[CV]  activation=relu, alpha=0.0001, learning_rate=adaptive, score=0.937, total= 1.3min
[CV] activation=relu, alpha=0.01, learning_rate=adaptive .............
[CV]  activation=relu, alpha=0.01, learning_rate=adaptive, score=0.927, total= 1.1min
[CV] activation=tanh, alpha=0.0001, learning_rate=constant ...........
[CV]  activation=tanh, alpha=0.0001, learning_rate=constant, score=0.941, total= 1.4min
[CV] activation=tanh, alpha=0.01, learning_rate=constant .............
[CV]  activation=tanh, alpha=0.01, learning_rate=constant, score=0.945, total= 1.2min
[CV] activation=identity, alpha=0.0001, learning_rate=adaptive .......
[CV]  activation=identity, alpha=0.0001, learning_rate=adaptive, score=0.837, total= 3.4min
[CV] activation=identity, alpha=0.01, learning_rate=adaptive .........
[CV]  activation=identity, alpha=0.01, learning_rate=adaptive, score=0.852, total= 2.7min
[CV] activation=logistic, alpha=0.0001, learning_rate=constant .......
[CV]  activation=logistic, alpha=0.0001, learning_rate=constant, score=0.937, total= 1.8min
[CV] activation=logistic, alpha=0.0001, learning_rate=invscaling .....
[CV]  activation=logistic, alpha=0.0001, learning_rate=invscaling, score=0.944, total= 1.8min
[CV] activation=logistic, alpha=0.01, learning_rate=invscaling .......
[CV]  activation=logistic, alpha=0.01, learning_rate=invscaling, score=0.940, total= 3.0min
[CV] activation=relu, alpha=0.01, learning_rate=constant .............
[CV]  activation=relu, alpha=0.01, learning_rate=constant, score=0.931, total=  53.3s
[CV] activation=relu, alpha=0.01, learning_rate=invscaling ...........
[CV]  activation=relu, alpha=0.01, learning_rate=invscaling, score=0.925, total= 1.1min
[CV] activation=tanh, alpha=0.0001, learning_rate=invscaling .........
[CV]  activation=tanh, alpha=0.0001, learning_rate=invscaling, score=0.935, total= 1.1min
[CV] activation=tanh, alpha=0.01, learning_rate=adaptive .............
[CV]  activation=tanh, alpha=0.01, learning_rate=adaptive, score=0.944, total=  49.8s
[CV] activation=identity, alpha=0.0001, learning_rate=constant .......
[CV]  activation=identity, alpha=0.0001, learning_rate=constant, score=0.850, total= 3.0min
[CV] activation=identity, alpha=0.01, learning_rate=adaptive .........
[CV]  activation=identity, alpha=0.01, learning_rate=adaptive, score=0.841, total= 2.9min
[CV] activation=identity, alpha=0.01, learning_rate=invscaling .......
[CV]  activation=identity, alpha=0.01, learning_rate=invscaling, score=0.850, total= 4.5min
[CV] activation=logistic, alpha=0.01, learning_rate=invscaling .......
[CV]  activation=logistic, alpha=0.01, learning_rate=invscaling, score=0.936, total= 2.3min
[CV] activation=relu, alpha=0.01, learning_rate=adaptive .............
[CV]  activation=relu, alpha=0.01, learning_rate=adaptive, score=0.927, total= 1.2min
[CV] activation=tanh, alpha=0.0001, learning_rate=adaptive ...........
[CV]  activation=tanh, alpha=0.0001, learning_rate=adaptive, score=0.936, total= 1.4min
[CV] activation=tanh, alpha=0.01, learning_rate=adaptive .............
[CV]  activation=tanh, alpha=0.01, learning_rate=adaptive, score=0.944, total= 1.1min
[CV] activation=identity, alpha=0.0001, learning_rate=constant .......
[CV]  activation=identity, alpha=0.0001, learning_rate=constant, score=0.842, total= 3.3min
[CV] activation=identity, alpha=0.01, learning_rate=adaptive .........
[CV]  activation=identity, alpha=0.01, learning_rate=adaptive, score=0.844, total= 3.8min
[CV] activation=logistic, alpha=0.0001, learning_rate=adaptive .......
[CV]  activation=logistic, alpha=0.0001, learning_rate=adaptive, score=0.934, total= 1.7min
[CV] activation=logistic, alpha=0.01, learning_rate=adaptive .........
[CV]  activation=logistic, alpha=0.01, learning_rate=adaptive, score=0.943, total= 3.3min
[CV] activation=relu, alpha=0.0001, learning_rate=invscaling .........
[CV]  activation=relu, alpha=0.0001, learning_rate=invscaling, score=0.936, total= 1.8min
[CV] activation=tanh, alpha=0.0001, learning_rate=adaptive ...........
[CV]  activation=tanh, alpha=0.0001, learning_rate=adaptive, score=0.932, total= 1.4min
[CV] activation=tanh, alpha=0.01, learning_rate=constant .............
[CV]  activation=tanh, alpha=0.01, learning_rate=constant, score=0.944, total= 1.2min
[CV] activation=identity, alpha=0.0001, learning_rate=adaptive .......
[CV]  activation=identity, alpha=0.0001, learning_rate=adaptive, score=0.841, total= 2.5min
[CV] activation=identity, alpha=0.01, learning_rate=constant .........
[CV]  activation=identity, alpha=0.01, learning_rate=constant, score=0.836, total= 3.8min
[CV] activation=logistic, alpha=0.0001, learning_rate=constant .......
[CV]  activation=logistic, alpha=0.0001, learning_rate=constant, score=0.946, total= 1.6min
[CV] activation=logistic, alpha=0.0001, learning_rate=invscaling .....
[CV]  activation=logistic, alpha=0.0001, learning_rate=invscaling, score=0.947, total= 1.7min
[CV] activation=logistic, alpha=0.01, learning_rate=invscaling .......
[CV]  activation=logistic, alpha=0.01, learning_rate=invscaling, score=0.939, total= 3.1min
[CV] activation=relu, alpha=0.01, learning_rate=constant .............
[CV]  activation=relu, alpha=0.01, learning_rate=constant, score=0.936, total= 1.2min
[CV] activation=tanh, alpha=0.0001, learning_rate=constant ...........
[CV]  activation=tanh, alpha=0.0001, learning_rate=constant, score=0.936, total= 1.5min
[CV] activation=tanh, alpha=0.01, learning_rate=constant .............
[CV]  activation=tanh, alpha=0.01, learning_rate=constant, score=0.943, total= 1.3min
[CV] activation=identity, alpha=0.0001, learning_rate=invscaling .....
[CV]  activation=identity, alpha=0.0001, learning_rate=invscaling, score=0.844, total= 2.1min
[CV] activation=identity, alpha=0.0001, learning_rate=invscaling .....
[CV]  activation=identity, alpha=0.0001, learning_rate=invscaling, score=0.854, total= 4.2min
[CV] activation=logistic, alpha=0.0001, learning_rate=adaptive .......
[CV]  activation=logistic, alpha=0.0001, learning_rate=adaptive, score=0.934, total= 1.6min
[CV] activation=logistic, alpha=0.01, learning_rate=constant .........
[CV]  activation=logistic, alpha=0.01, learning_rate=constant, score=0.934, total= 2.6min
[CV] activation=relu, alpha=0.0001, learning_rate=constant ...........
[CV]  activation=relu, alpha=0.0001, learning_rate=constant, score=0.942, total= 1.5min
[CV] activation=relu, alpha=0.0001, learning_rate=invscaling .........
[CV]  activation=relu, alpha=0.0001, learning_rate=invscaling, score=0.936, total= 1.2min
[CV] activation=relu, alpha=0.01, learning_rate=invscaling ...........
[CV]  activation=relu, alpha=0.01, learning_rate=invscaling, score=0.917, total=  54.5s
[CV] activation=tanh, alpha=0.0001, learning_rate=invscaling .........
[CV]  activation=tanh, alpha=0.0001, learning_rate=invscaling, score=0.935, total= 1.2min
[CV] activation=tanh, alpha=0.01, learning_rate=adaptive .............
[CV]  activation=tanh, alpha=0.01, learning_rate=adaptive, score=0.936, total= 1.2min
[CV] activation=identity, alpha=0.0001, learning_rate=constant .......
[CV]  activation=identity, alpha=0.0001, learning_rate=constant, score=0.839, total= 3.5min
[CV] activation=identity, alpha=0.01, learning_rate=invscaling .......
[CV]  activation=identity, alpha=0.01, learning_rate=invscaling, score=0.838, total= 2.9min
[CV] activation=logistic, alpha=0.0001, learning_rate=adaptive .......
[CV]  activation=logistic, alpha=0.0001, learning_rate=adaptive, score=0.947, total= 1.6min
[CV] activation=logistic, alpha=0.01, learning_rate=constant .........
[CV]  activation=logistic, alpha=0.01, learning_rate=constant, score=0.938, total= 2.3min
[CV] activation=logistic, alpha=0.01, learning_rate=invscaling .......
[CV]  activation=logistic, alpha=0.01, learning_rate=invscaling, score=0.945, total= 2.1min
[CV] activation=relu, alpha=0.01, learning_rate=constant .............
[CV]  activation=relu, alpha=0.01, learning_rate=constant, score=0.935, total=  51.3s
[CV] activation=relu, alpha=0.01, learning_rate=adaptive .............
[CV]  activation=relu, alpha=0.01, learning_rate=adaptive, score=0.940, total= 1.0min
[CV] activation=tanh, alpha=0.0001, learning_rate=invscaling .........
[CV]  activation=tanh, alpha=0.0001, learning_rate=invscaling, score=0.939, total= 1.4min
[CV] activation=tanh, alpha=0.01, learning_rate=adaptive .............
[CV]  activation=tanh, alpha=0.01, learning_rate=adaptive, score=0.940, total= 1.1min
[CV] activation=identity, alpha=0.0001, learning_rate=constant .......
[CV]  activation=identity, alpha=0.0001, learning_rate=constant, score=0.842, total= 2.3min
[CV] activation=identity, alpha=0.01, learning_rate=constant .........
[CV]  activation=identity, alpha=0.01, learning_rate=constant, score=0.841, total= 3.7min
[CV] activation=logistic, alpha=0.0001, learning_rate=constant .......
[CV]  activation=logistic, alpha=0.0001, learning_rate=constant, score=0.944, total= 1.8min
[CV] activation=logistic, alpha=0.0001, learning_rate=invscaling .....
[CV]  activation=logistic, alpha=0.0001, learning_rate=invscaling, score=0.938, total= 1.8min
[CV] activation=logistic, alpha=0.01, learning_rate=invscaling .......
[CV]  activation=logistic, alpha=0.01, learning_rate=invscaling, score=0.948, total= 2.6min
[CV] activation=relu, alpha=0.0001, learning_rate=invscaling .........
[CV]  activation=relu, alpha=0.0001, learning_rate=invscaling, score=0.939, total=  59.7s
[CV] activation=relu, alpha=0.01, learning_rate=invscaling ...........
[CV]  activation=relu, alpha=0.01, learning_rate=invscaling, score=0.924, total=  54.4s
[CV] activation=tanh, alpha=0.0001, learning_rate=adaptive ...........
[CV]  activation=tanh, alpha=0.0001, learning_rate=adaptive, score=0.927, total= 1.7min
[CV] activation=tanh, alpha=0.01, learning_rate=invscaling ...........
[CV]  activation=tanh, alpha=0.01, learning_rate=invscaling, score=0.931, total=  54.0s
[CV] activation=identity, alpha=0.0001, learning_rate=constant .......
[CV]  activation=identity, alpha=0.0001, learning_rate=constant, score=0.838, total= 2.7min
[CV] activation=identity, alpha=0.01, learning_rate=constant .........
[CV]  activation=identity, alpha=0.01, learning_rate=constant, score=0.842, total= 3.5min
[CV] activation=logistic, alpha=0.0001, learning_rate=constant .......
[CV]  activation=logistic, alpha=0.0001, learning_rate=constant, score=0.938, total= 1.8min
[CV] activation=logistic, alpha=0.01, learning_rate=constant .........
[CV]  activation=logistic, alpha=0.01, learning_rate=constant, score=0.947, total= 2.6min
[CV] activation=relu, alpha=0.0001, learning_rate=constant ...........
[CV]  activation=relu, alpha=0.0001, learning_rate=constant, score=0.941, total= 1.1min
[CV] activation=relu, alpha=0.0001, learning_rate=adaptive ...........
[CV]  activation=relu, alpha=0.0001, learning_rate=adaptive, score=0.940, total= 1.4min
[CV] activation=relu, alpha=0.01, learning_rate=adaptive .............
[CV]  activation=relu, alpha=0.01, learning_rate=adaptive, score=0.934, total= 1.1min
[CV] activation=tanh, alpha=0.0001, learning_rate=adaptive ...........
[CV]  activation=tanh, alpha=0.0001, learning_rate=adaptive, score=0.938, total= 1.4min
[CV] activation=tanh, alpha=0.01, learning_rate=adaptive .............
[CV]  activation=tanh, alpha=0.01, learning_rate=adaptive, score=0.940, total= 1.2min
[CV] activation=identity, alpha=0.0001, learning_rate=adaptive .......
[CV]  activation=identity, alpha=0.0001, learning_rate=adaptive, score=0.852, total= 3.0min
[CV] activation=identity, alpha=0.01, learning_rate=constant .........
[CV]  activation=identity, alpha=0.01, learning_rate=constant, score=0.847, total= 3.5min
[CV] activation=logistic, alpha=0.0001, learning_rate=adaptive .......
[CV]  activation=logistic, alpha=0.0001, learning_rate=adaptive, score=0.941, total= 1.7min
[CV] activation=logistic, alpha=0.01, learning_rate=adaptive .........
[CV]  activation=logistic, alpha=0.01, learning_rate=adaptive, score=0.942, total= 2.7min
[CV] activation=relu, alpha=0.0001, learning_rate=constant ...........
[CV]  activation=relu, alpha=0.0001, learning_rate=constant, score=0.941, total= 1.4min
[CV] activation=relu, alpha=0.0001, learning_rate=invscaling .........
[CV]  activation=relu, alpha=0.0001, learning_rate=invscaling, score=0.940, total= 1.5min
[CV] activation=tanh, alpha=0.0001, learning_rate=constant ...........
[CV]  activation=tanh, alpha=0.0001, learning_rate=constant, score=0.938, total= 1.5min
[CV] activation=tanh, alpha=0.01, learning_rate=adaptive .............
[CV]  activation=tanh, alpha=0.01, learning_rate=adaptive, score=0.938, total= 1.4min
[CV] activation=identity, alpha=0.0001, learning_rate=invscaling .....
[CV]  activation=identity, alpha=0.0001, learning_rate=invscaling, score=0.849, total= 3.0min
[CV] activation=identity, alpha=0.01, learning_rate=constant .........
[CV]  activation=identity, alpha=0.01, learning_rate=constant, score=0.853, total= 3.3min
[CV] activation=logistic, alpha=0.0001, learning_rate=adaptive .......
[CV]  activation=logistic, alpha=0.0001, learning_rate=adaptive, score=0.944, total= 1.6min
[CV] activation=logistic, alpha=0.01, learning_rate=constant .........
[CV]  activation=logistic, alpha=0.01, learning_rate=constant, score=0.938, total= 2.6min
[CV] activation=logistic, alpha=0.01, learning_rate=invscaling .......
[CV]  activation=logistic, alpha=0.01, learning_rate=invscaling, score=0.941, total= 1.9min
[CV] activation=relu, alpha=0.01, learning_rate=constant .............
[CV]  activation=relu, alpha=0.01, learning_rate=constant, score=0.933, total=  53.8s
[CV] activation=relu, alpha=0.01, learning_rate=invscaling ...........
[CV]  activation=relu, alpha=0.01, learning_rate=invscaling, score=0.943, total= 1.0min
[CV] activation=tanh, alpha=0.0001, learning_rate=invscaling .........
[CV]  activation=tanh, alpha=0.0001, learning_rate=invscaling, score=0.936, total= 1.5min
[CV] activation=tanh, alpha=0.01, learning_rate=invscaling ...........
[CV]  activation=tanh, alpha=0.01, learning_rate=invscaling, score=0.943, total= 1.1min
[CV] activation=identity, alpha=0.0001, learning_rate=constant .......
[CV]  activation=identity, alpha=0.0001, learning_rate=constant, score=0.846, total= 3.3min
[CV] activation=identity, alpha=0.01, learning_rate=adaptive .........
[CV]  activation=identity, alpha=0.01, learning_rate=adaptive, score=0.842, total= 3.8min
[CV] activation=logistic, alpha=0.0001, learning_rate=invscaling .....
[CV]  activation=logistic, alpha=0.0001, learning_rate=invscaling, score=0.938, total= 1.7min
[CV] activation=logistic, alpha=0.01, learning_rate=adaptive .........
[CV]  activation=logistic, alpha=0.01, learning_rate=adaptive, score=0.950, total= 3.0min
[CV] activation=relu, alpha=0.0001, learning_rate=adaptive ...........
[CV]  activation=relu, alpha=0.0001, learning_rate=adaptive, score=0.944, total= 1.4min
[CV] activation=relu, alpha=0.01, learning_rate=adaptive .............
[CV]  activation=relu, alpha=0.01, learning_rate=adaptive, score=0.947, total=  52.3s
[CV] activation=tanh, alpha=0.0001, learning_rate=adaptive ...........
[CV]  activation=tanh, alpha=0.0001, learning_rate=adaptive, score=0.932, total= 1.6min
[CV] activation=tanh, alpha=0.01, learning_rate=invscaling ...........
[CV]  activation=tanh, alpha=0.01, learning_rate=invscaling, score=0.929, total= 1.2min
[CV] activation=identity, alpha=0.0001, learning_rate=adaptive .......
[CV]  activation=identity, alpha=0.0001, learning_rate=adaptive, score=0.839, total= 3.2min
[CV] activation=identity, alpha=0.01, learning_rate=adaptive .........
[CV]  activation=identity, alpha=0.01, learning_rate=adaptive, score=0.841, total= 2.8min
[CV] activation=logistic, alpha=0.0001, learning_rate=constant .......
[CV]  activation=logistic, alpha=0.0001, learning_rate=constant, score=0.943, total= 1.7min
[CV] activation=logistic, alpha=0.0001, learning_rate=invscaling .....
[CV]  activation=logistic, alpha=0.0001, learning_rate=invscaling, score=0.934, total= 1.8min
[CV] activation=logistic, alpha=0.01, learning_rate=invscaling .......
[CV]  activation=logistic, alpha=0.01, learning_rate=invscaling, score=0.946, total= 2.9min
[CV] activation=relu, alpha=0.01, learning_rate=constant .............
[CV]  activation=relu, alpha=0.01, learning_rate=constant, score=0.930, total=  58.4s
[CV] activation=relu, alpha=0.01, learning_rate=invscaling ...........
[CV]  activation=relu, alpha=0.01, learning_rate=invscaling, score=0.932, total= 1.1min
[CV] activation=tanh, alpha=0.0001, learning_rate=invscaling .........
[CV]  activation=tanh, alpha=0.0001, learning_rate=invscaling, score=0.933, total= 1.3min
[CV] activation=tanh, alpha=0.01, learning_rate=invscaling ...........
[CV]  activation=tanh, alpha=0.01, learning_rate=invscaling, score=0.942, total= 1.1min
[CV] activation=identity, alpha=0.0001, learning_rate=constant .......
[CV]  activation=identity, alpha=0.0001, learning_rate=constant, score=0.836, total= 3.3min
[CV] activation=identity, alpha=0.01, learning_rate=adaptive .........
[CV]  activation=identity, alpha=0.01, learning_rate=adaptive, score=0.838, total= 4.2min
[CV] activation=logistic, alpha=0.0001, learning_rate=invscaling .....
[CV]  activation=logistic, alpha=0.0001, learning_rate=invscaling, score=0.940, total= 2.0min
[CV] activation=logistic, alpha=0.01, learning_rate=invscaling .......
[CV]  activation=logistic, alpha=0.01, learning_rate=invscaling, score=0.947, total= 1.9min
[CV] activation=relu, alpha=0.0001, learning_rate=adaptive ...........
[CV]  activation=relu, alpha=0.0001, learning_rate=adaptive, score=0.941, total= 1.5min
[CV] activation=relu, alpha=0.01, learning_rate=adaptive .............
[CV]  activation=relu, alpha=0.01, learning_rate=adaptive, score=0.934, total= 1.1min
[CV] activation=tanh, alpha=0.0001, learning_rate=adaptive ...........
[CV]  activation=tanh, alpha=0.0001, learning_rate=adaptive, score=0.937, total= 1.5min
[CV] activation=tanh, alpha=0.01, learning_rate=adaptive .............
[CV]  activation=tanh, alpha=0.01, learning_rate=adaptive, score=0.935, total= 1.4min
[CV] activation=identity, alpha=0.0001, learning_rate=adaptive .......
[CV]  activation=identity, alpha=0.0001, learning_rate=adaptive, score=0.841, total= 2.2min
[CV] activation=identity, alpha=0.01, learning_rate=constant .........
[CV]  activation=identity, alpha=0.01, learning_rate=constant, score=0.840, total= 3.8min
[CV] activation=logistic, alpha=0.0001, learning_rate=constant .......
[CV]  activation=logistic, alpha=0.0001, learning_rate=constant, score=0.938, total= 1.6min
[CV] activation=logistic, alpha=0.0001, learning_rate=invscaling .....
[CV]  activation=logistic, alpha=0.0001, learning_rate=invscaling, score=0.940, total= 1.5min
[CV] activation=logistic, alpha=0.01, learning_rate=adaptive .........
[CV]  activation=logistic, alpha=0.01, learning_rate=adaptive, score=0.946, total= 3.0min
[CV] activation=relu, alpha=0.0001, learning_rate=invscaling .........
[CV]  activation=relu, alpha=0.0001, learning_rate=invscaling, score=0.938, total= 1.0min
[CV] activation=relu, alpha=0.01, learning_rate=adaptive .............
[CV]  activation=relu, alpha=0.01, learning_rate=adaptive, score=0.924, total=  58.1s
[CV] activation=tanh, alpha=0.0001, learning_rate=adaptive ...........
[CV]  activation=tanh, alpha=0.0001, learning_rate=adaptive, score=0.932, total= 1.3min
[CV] activation=tanh, alpha=0.01, learning_rate=adaptive .............
[CV]  activation=tanh, alpha=0.01, learning_rate=adaptive, score=0.939, total= 1.6min
[CV] activation=identity, alpha=0.0001, learning_rate=invscaling .....
[CV]  activation=identity, alpha=0.0001, learning_rate=invscaling, score=0.839, total= 2.6min
[CV] activation=identity, alpha=0.01, learning_rate=constant .........
[CV]  activation=identity, alpha=0.01, learning_rate=constant, score=0.840, total= 2.6min
[CV] activation=identity, alpha=0.01, learning_rate=invscaling .......
[CV]  activation=identity, alpha=0.01, learning_rate=invscaling, score=0.845, total= 4.0min
[CV] activation=logistic, alpha=0.01, learning_rate=adaptive .........
[CV]  activation=logistic, alpha=0.01, learning_rate=adaptive, score=0.943, total= 2.9min
[CV] activation=relu, alpha=0.0001, learning_rate=invscaling .........
[CV]  activation=relu, alpha=0.0001, learning_rate=invscaling, score=0.943, total= 1.3min
[CV] activation=relu, alpha=0.01, learning_rate=invscaling ...........
[CV]  activation=relu, alpha=0.01, learning_rate=invscaling, score=0.926, total=  43.1s
[CV] activation=tanh, alpha=0.0001, learning_rate=adaptive ...........
[CV]  activation=tanh, alpha=0.0001, learning_rate=adaptive, score=0.940, total= 1.6min
[CV] activation=tanh, alpha=0.01, learning_rate=adaptive .............
[CV]  activation=tanh, alpha=0.01, learning_rate=adaptive, score=0.943, total= 1.4min
[CV] activation=identity, alpha=0.0001, learning_rate=adaptive .......
[CV]  activation=identity, alpha=0.0001, learning_rate=adaptive, score=0.848, total= 3.1min
[CV] activation=identity, alpha=0.01, learning_rate=adaptive .........
[CV]  activation=identity, alpha=0.01, learning_rate=adaptive, score=0.839, total= 3.1min
[CV] activation=logistic, alpha=0.0001, learning_rate=constant .......
[CV]  activation=logistic, alpha=0.0001, learning_rate=constant, score=0.935, total= 1.7min
[CV] activation=logistic, alpha=0.01, learning_rate=constant .........
[CV]  activation=logistic, alpha=0.01, learning_rate=constant, score=0.944, total= 2.7min
[CV] activation=relu, alpha=0.0001, learning_rate=constant ...........
[CV]  activation=relu, alpha=0.0001, learning_rate=constant, score=0.938, total=  56.2s
[CV] activation=relu, alpha=0.0001, learning_rate=adaptive ...........
[CV]  activation=relu, alpha=0.0001, learning_rate=adaptive, score=0.938, total= 1.2min
[CV] activation=relu, alpha=0.01, learning_rate=adaptive .............
[CV]  activation=relu, alpha=0.01, learning_rate=adaptive, score=0.933, total=  53.3s
[CV] activation=tanh, alpha=0.0001, learning_rate=constant ...........
[CV]  activation=tanh, alpha=0.0001, learning_rate=constant, score=0.939, total= 1.5min
[CV] activation=tanh, alpha=0.01, learning_rate=constant .............
[CV]  activation=tanh, alpha=0.01, learning_rate=constant, score=0.937, total=  57.7s
[CV] activation=tanh, alpha=0.01, learning_rate=invscaling ...........
[CV]  activation=tanh, alpha=0.01, learning_rate=invscaling, score=0.930, total=  58.0s
[CV] activation=identity, alpha=0.0001, learning_rate=invscaling .....
[CV]  activation=identity, alpha=0.0001, learning_rate=invscaling, score=0.841, total= 3.7min
[CV] activation=identity, alpha=0.01, learning_rate=invscaling .......
[CV]  activation=identity, alpha=0.01, learning_rate=invscaling, score=0.836, total= 4.1min
[CV] activation=logistic, alpha=0.0001, learning_rate=invscaling .....
[CV]  activation=logistic, alpha=0.0001, learning_rate=invscaling, score=0.940, total= 1.6min
[CV] activation=logistic, alpha=0.01, learning_rate=invscaling .......
[CV]  activation=logistic, alpha=0.01, learning_rate=invscaling, score=0.947, total= 2.0min
[CV] activation=relu, alpha=0.0001, learning_rate=adaptive ...........
[CV]  activation=relu, alpha=0.0001, learning_rate=adaptive, score=0.937, total= 1.3min
[CV] activation=relu, alpha=0.01, learning_rate=adaptive .............
[CV]  activation=relu, alpha=0.01, learning_rate=adaptive, score=0.941, total= 1.2min
[CV] activation=tanh, alpha=0.0001, learning_rate=adaptive ...........
[CV]  activation=tanh, alpha=0.0001, learning_rate=adaptive, score=0.940, total= 1.1min
[CV] activation=tanh, alpha=0.01, learning_rate=constant .............
[CV]  activation=tanh, alpha=0.01, learning_rate=constant, score=0.942, total=  57.0s
[CV] activation=tanh, alpha=0.01, learning_rate=invscaling ...........
[CV]  activation=tanh, alpha=0.01, learning_rate=invscaling, score=0.935, total= 1.0min
[CV] activation=identity, alpha=0.0001, learning_rate=constant .......
[CV]  activation=identity, alpha=0.0001, learning_rate=constant, score=0.851, total= 3.3min
[CV] activation=identity, alpha=0.01, learning_rate=adaptive .........
[CV]  activation=identity, alpha=0.01, learning_rate=adaptive, score=0.845, total= 3.3min
[CV] activation=logistic, alpha=0.0001, learning_rate=adaptive .......
[CV]  activation=logistic, alpha=0.0001, learning_rate=adaptive, score=0.939, total= 1.6min
[CV] activation=logistic, alpha=0.01, learning_rate=constant .........
[CV]  activation=logistic, alpha=0.01, learning_rate=constant, score=0.943, total= 3.1min
[CV] activation=relu, alpha=0.0001, learning_rate=adaptive ...........
[CV]  activation=relu, alpha=0.0001, learning_rate=adaptive, score=0.940, total= 1.3min
[CV] activation=relu, alpha=0.01, learning_rate=constant .............
[CV]  activation=relu, alpha=0.01, learning_rate=constant, score=0.941, total= 1.0min
[CV] activation=tanh, alpha=0.0001, learning_rate=constant ...........
[CV]  activation=tanh, alpha=0.0001, learning_rate=constant, score=0.938, total= 1.3min
[CV] activation=tanh, alpha=0.01, learning_rate=constant .............
[CV]  activation=tanh, alpha=0.01, learning_rate=constant, score=0.937, total= 1.2min
[CV] activation=tanh, alpha=0.01, learning_rate=invscaling ...........
[CV]  activation=tanh, alpha=0.01, learning_rate=invscaling, score=0.941, total=  54.6s
[CV] activation=identity, alpha=0.0001, learning_rate=constant .......
[CV]  activation=identity, alpha=0.0001, learning_rate=constant, score=0.846, total= 3.2min
[CV] activation=identity, alpha=0.01, learning_rate=adaptive .........
[CV]  activation=identity, alpha=0.01, learning_rate=adaptive, score=0.838, total= 3.7min
[CV] activation=logistic, alpha=0.0001, learning_rate=adaptive .......
[CV]  activation=logistic, alpha=0.0001, learning_rate=adaptive, score=0.944, total= 1.8min
[CV] activation=logistic, alpha=0.01, learning_rate=adaptive .........
[CV]  activation=logistic, alpha=0.01, learning_rate=adaptive, score=0.946, total= 2.4min
[CV] activation=relu, alpha=0.0001, learning_rate=constant ...........
[CV]  activation=relu, alpha=0.0001, learning_rate=constant, score=0.940, total= 1.4min
[CV] activation=relu, alpha=0.01, learning_rate=constant .............
[CV]  activation=relu, alpha=0.01, learning_rate=constant, score=0.939, total=  54.6s
[CV] activation=relu, alpha=0.01, learning_rate=invscaling ...........
[CV]  activation=relu, alpha=0.01, learning_rate=invscaling, score=0.940, total= 1.6min
[CV] activation=tanh, alpha=0.01, learning_rate=constant .............
[CV]  activation=tanh, alpha=0.01, learning_rate=constant, score=0.937, total= 1.2min
[CV] activation=tanh, alpha=0.01, learning_rate=invscaling ...........
[CV]  activation=tanh, alpha=0.01, learning_rate=invscaling, score=0.936, total= 1.0min
[CV] activation=identity, alpha=0.0001, learning_rate=invscaling .....
[CV]  activation=identity, alpha=0.0001, learning_rate=invscaling, score=0.843, total= 3.7min
[CV] activation=identity, alpha=0.01, learning_rate=invscaling .......
[CV]  activation=identity, alpha=0.01, learning_rate=invscaling, score=0.839, total= 2.6min
[CV] activation=logistic, alpha=0.0001, learning_rate=constant .......
[CV]  activation=logistic, alpha=0.0001, learning_rate=constant, score=0.942, total= 1.6min
[CV] activation=logistic, alpha=0.01, learning_rate=constant .........
[CV]  activation=logistic, alpha=0.01, learning_rate=constant, score=0.943, total= 2.6min
[CV] activation=relu, alpha=0.0001, learning_rate=constant ...........
[CV]  activation=relu, alpha=0.0001, learning_rate=constant, score=0.943, total= 1.0min
[CV] activation=relu, alpha=0.0001, learning_rate=adaptive ...........
[CV]  activation=relu, alpha=0.0001, learning_rate=adaptive, score=0.938, total= 1.0min
[CV] activation=relu, alpha=0.01, learning_rate=constant .............
[CV]  activation=relu, alpha=0.01, learning_rate=constant, score=0.939, total=  59.2s
[CV] activation=tanh, alpha=0.0001, learning_rate=constant ...........
[CV]  activation=tanh, alpha=0.0001, learning_rate=constant, score=0.944, total= 1.5min
[CV] activation=tanh, alpha=0.01, learning_rate=constant .............
[CV]  activation=tanh, alpha=0.01, learning_rate=constant, score=0.919, total= 1.1min
[CV] activation=tanh, alpha=0.01, learning_rate=invscaling ...........
[CV]  activation=tanh, alpha=0.01, learning_rate=invscaling, score=0.935, total= 1.0min
[CV] activation=identity, alpha=0.0001, learning_rate=invscaling .....
[CV]  activation=identity, alpha=0.0001, learning_rate=invscaling, score=0.845, total= 2.1min
[CV] activation=identity, alpha=0.0001, learning_rate=invscaling .....
[CV]  activation=identity, alpha=0.0001, learning_rate=invscaling, score=0.838, total= 2.4min
[CV] activation=identity, alpha=0.01, learning_rate=invscaling .......
[CV]  activation=identity, alpha=0.01, learning_rate=invscaling, score=0.847, total= 3.8min
[CV] activation=logistic, alpha=0.01, learning_rate=constant .........
[CV]  activation=logistic, alpha=0.01, learning_rate=constant, score=0.950, total= 3.1min
[CV] activation=relu, alpha=0.0001, learning_rate=adaptive ...........
[CV]  activation=relu, alpha=0.0001, learning_rate=adaptive, score=0.941, total= 1.4min
[CV] activation=relu, alpha=0.01, learning_rate=adaptive .............
[CV]  activation=relu, alpha=0.01, learning_rate=adaptive, score=0.943, total=  58.3s
[CV] activation=tanh, alpha=0.0001, learning_rate=constant ...........
[CV]  activation=tanh, alpha=0.0001, learning_rate=constant, score=0.931, total= 1.2min
[CV] activation=tanh, alpha=0.01, learning_rate=constant .............
[CV]  activation=tanh, alpha=0.01, learning_rate=constant, score=0.941, total= 1.2min
[CV] activation=tanh, alpha=0.01, learning_rate=invscaling ...........
[CV]  activation=tanh, alpha=0.01, learning_rate=invscaling, score=0.941, total= 1.2min
