Fitting model...
Fitting 10 folds for each of 1 candidates, totalling 10 fits
[CV 3/10] END .................................., score=0.516 total time= 3.8min
/home/gext/aymeric.millan/git_sophia/ML-project/mlvenv/lib/python3.8/site-packages/sklearn/utils/validation.py:993: DataConversionWarning: A column-vector y was passed when a 1d array was expected. Please change the shape of y to (n_samples, ), for example using ravel().
  y = column_or_1d(y, warn=True)
[CV 7/10] END .................................., score=0.512 total time= 4.2min
/home/gext/aymeric.millan/git_sophia/ML-project/mlvenv/lib/python3.8/site-packages/sklearn/utils/validation.py:993: DataConversionWarning: A column-vector y was passed when a 1d array was expected. Please change the shape of y to (n_samples, ), for example using ravel().
  y = column_or_1d(y, warn=True)
[CV 8/10] END .................................., score=0.514 total time= 4.2min
/home/gext/aymeric.millan/git_sophia/ML-project/mlvenv/lib/python3.8/site-packages/sklearn/utils/validation.py:993: DataConversionWarning: A column-vector y was passed when a 1d array was expected. Please change the shape of y to (n_samples, ), for example using ravel().
  y = column_or_1d(y, warn=True)
[CV 10/10] END ................................., score=0.516 total time= 4.3min
/home/gext/aymeric.millan/git_sophia/ML-project/mlvenv/lib/python3.8/site-packages/sklearn/utils/validation.py:993: DataConversionWarning: A column-vector y was passed when a 1d array was expected. Please change the shape of y to (n_samples, ), for example using ravel().
  y = column_or_1d(y, warn=True)
[CV 5/10] END .................................., score=0.512 total time= 4.3min
/home/gext/aymeric.millan/git_sophia/ML-project/mlvenv/lib/python3.8/site-packages/sklearn/utils/validation.py:993: DataConversionWarning: A column-vector y was passed when a 1d array was expected. Please change the shape of y to (n_samples, ), for example using ravel().
  y = column_or_1d(y, warn=True)
[CV 4/10] END .................................., score=0.514 total time= 4.3min
/home/gext/aymeric.millan/git_sophia/ML-project/mlvenv/lib/python3.8/site-packages/sklearn/utils/validation.py:993: DataConversionWarning: A column-vector y was passed when a 1d array was expected. Please change the shape of y to (n_samples, ), for example using ravel().
  y = column_or_1d(y, warn=True)
[CV 1/10] END .................................., score=0.549 total time= 5.8min
/home/gext/aymeric.millan/git_sophia/ML-project/mlvenv/lib/python3.8/site-packages/sklearn/utils/validation.py:993: DataConversionWarning: A column-vector y was passed when a 1d array was expected. Please change the shape of y to (n_samples, ), for example using ravel().
  y = column_or_1d(y, warn=True)
[CV 2/10] END .................................., score=0.517 total time= 6.0min
/home/gext/aymeric.millan/git_sophia/ML-project/mlvenv/lib/python3.8/site-packages/sklearn/utils/validation.py:993: DataConversionWarning: A column-vector y was passed when a 1d array was expected. Please change the shape of y to (n_samples, ), for example using ravel().
  y = column_or_1d(y, warn=True)
[CV 9/10] END .................................., score=0.509 total time= 6.4min
/home/gext/aymeric.millan/git_sophia/ML-project/mlvenv/lib/python3.8/site-packages/sklearn/utils/validation.py:993: DataConversionWarning: A column-vector y was passed when a 1d array was expected. Please change the shape of y to (n_samples, ), for example using ravel().
  y = column_or_1d(y, warn=True)
[CV 6/10] END .................................., score=0.513 total time= 6.4min
/home/gext/aymeric.millan/git_sophia/ML-project/mlvenv/lib/python3.8/site-packages/sklearn/utils/validation.py:993: DataConversionWarning: A column-vector y was passed when a 1d array was expected. Please change the shape of y to (n_samples, ), for example using ravel().
  y = column_or_1d(y, warn=True)
/home/gext/aymeric.millan/git_sophia/ML-project/mlvenv/lib/python3.8/site-packages/sklearn/utils/validation.py:993: DataConversionWarning: A column-vector y was passed when a 1d array was expected. Please change the shape of y to (n_samples, ), for example using ravel().
  y = column_or_1d(y, warn=True)
0.5153016975759303
{}
Submitting...
