###BEGIN###
Loading data...
Scaling...
Reduction...
MODEL :  MLP
   >>> Fitting...
   >>> Submitting...
   >>> Score MLP: 0.8960912819794719
   >>> Model submitted !
MODEL :  KNN
   >>> Fitting...
   >>> Submitting...
   >>> Score KNN: 0.8731579167725814
   >>> Model submitted !
MODEL :  XGBoost
   >>> Fitting...
[20:22:13] WARNING: xgboost/src/learner.cc:1115: Starting in XGBoost 1.3.0, the default evaluation metric used with the objective 'binary:logistic' was changed from 'error' to 'logloss'. Explicitly set eval_metric if you'd like to restore the old behavior.
   >>> Submitting...
/home/gext/aymeric.millan/git_sophia/ML-project/mlvenv/lib/python3.8/site-packages/xgboost/sklearn.py:1224: UserWarning: The use of label encoder in XGBClassifier is deprecated and will be removed in a future release. To remove this warning, do the following: 1) Pass option use_label_encoder=False when constructing XGBClassifier object; and 2) Encode your labels (y) as integers starting with 0, i.e. 0, 1, 2, ..., [num_class - 1].
  warnings.warn(label_encoder_deprecation_msg, UserWarning)
 /!\ An error occured :  A task has failed to un-serialize. Please ensure that the arguments of the function are all picklable.
MODEL :  SelfTrainC
   >>> Fitting...
   >>> Submitting...
/home/gext/aymeric.millan/git_sophia/ML-project/mlvenv/lib/python3.8/site-packages/sklearn/semi_supervised/_self_training.py:210: UserWarning: y contains no unlabeled samples
  warnings.warn("y contains no unlabeled samples", UserWarning)
   >>> Score SelfTrainC: 0.9007724261315887
   >>> Model submitted !
###END###
/home/gext/aymeric.millan/git_sophia/ML-project/mlvenv/lib/python3.8/site-packages/sklearn/semi_supervised/_self_training.py:210: UserWarning: y contains no unlabeled samples
  warnings.warn("y contains no unlabeled samples", UserWarning)
/home/gext/aymeric.millan/git_sophia/ML-project/mlvenv/lib/python3.8/site-packages/sklearn/semi_supervised/_self_training.py:210: UserWarning: y contains no unlabeled samples
  warnings.warn("y contains no unlabeled samples", UserWarning)
/home/gext/aymeric.millan/git_sophia/ML-project/mlvenv/lib/python3.8/site-packages/sklearn/semi_supervised/_self_training.py:210: UserWarning: y contains no unlabeled samples
  warnings.warn("y contains no unlabeled samples", UserWarning)
End computation
