/home/gext/aymeric.millan/git_sophia/ML-project/mlvenv/lib/python3.8/site-packages/xgboost/sklearn.py:1224: UserWarning: The use of label encoder in XGBClassifier is deprecated and will be removed in a future release. To remove this warning, do the following: 1) Pass option use_label_encoder=False when constructing XGBClassifier object; and 2) Encode your labels (y) as integers starting with 0, i.e. 0, 1, 2, ..., [num_class - 1].
  warnings.warn(label_encoder_deprecation_msg, UserWarning)
/home/gext/aymeric.millan/git_sophia/ML-project/mlvenv/lib/python3.8/site-packages/sklearn/semi_supervised/_self_training.py:210: UserWarning: y contains no unlabeled samples
  warnings.warn("y contains no unlabeled samples", UserWarning)
/home/gext/aymeric.millan/git_sophia/ML-project/mlvenv/lib/python3.8/site-packages/sklearn/neural_network/_multilayer_perceptron.py:692: ConvergenceWarning: Stochastic Optimizer: Maximum iterations (200) reached and the optimization hasn't converged yet.
  warnings.warn(
###BEGIN###
Loading data...
Scaling...
Reduction...
MODEL :  MLP
 >>> Fitting...
 >>> Submitting...
>>> Model submitted !
MODEL :  RForest
 >>> Fitting...
 >>> Submitting...
>>> Model submitted !
MODEL :  KNN
 >>> Fitting...
 >>> Submitting...
>>> Model submitted !
MODEL :  XGBoost
 >>> Fitting...
[17:36:11] WARNING: xgboost/src/learner.cc:1115: Starting in XGBoost 1.3.0, the default evaluation metric used with the objective 'binary:logistic' was changed from 'error' to 'logloss'. Explicitly set eval_metric if you'd like to restore the old behavior.
 >>> Submitting...
>>> Model submitted !
MODEL :  SelfTrainC
 >>> Fitting...
 >>> Submitting...
>>> Model submitted !
###END###
End computation
